{"/Users/saralas/Desktop/SoftwareTools/LiveWeatherToronto/app/layout.tsx": {"path":"/Users/saralas/Desktop/SoftwareTools/LiveWeatherToronto/app/layout.tsx","statementMap":{"0":{"start":{"line":15,"column":24},"end":{"line":15,"column":35}},"1":{"start":{"line":9,"column":13},"end":{"line":9,"column":21}},"2":{"start":{"line":3,"column":22},"end":{"line":3,"column":null}},"3":{"start":{"line":4,"column":7},"end":{"line":4,"column":null}},"4":{"start":{"line":5,"column":30},"end":{"line":5,"column":null}},"5":{"start":{"line":7,"column":14},"end":{"line":7,"column":null}},"6":{"start":{"line":9,"column":34},"end":{"line":13,"column":null}}},"fnMap":{"0":{"name":"RootLayout","decl":{"start":{"line":15,"column":24},"end":{"line":15,"column":35}},"loc":{"start":{"line":19,"column":2},"end":{"line":29,"column":1}}}},"branchMap":{},"s":{"0":0,"1":0,"2":0,"3":0,"4":0,"5":0,"6":0},"f":{"0":0},"b":{}}
,"/Users/saralas/Desktop/SoftwareTools/LiveWeatherToronto/app/page.tsx": {"path":"/Users/saralas/Desktop/SoftwareTools/LiveWeatherToronto/app/page.tsx","statementMap":{"0":{"start":{"line":12,"column":24},"end":{"line":12,"column":null}},"1":{"start":{"line":3,"column":36},"end":{"line":3,"column":null}},"2":{"start":{"line":4,"column":21},"end":{"line":4,"column":null}},"3":{"start":{"line":5,"column":57},"end":{"line":5,"column":null}},"4":{"start":{"line":6,"column":38},"end":{"line":6,"column":null}},"5":{"start":{"line":7,"column":27},"end":{"line":7,"column":null}},"6":{"start":{"line":8,"column":20},"end":{"line":8,"column":null}},"7":{"start":{"line":9,"column":24},"end":{"line":9,"column":null}},"8":{"start":{"line":10,"column":25},"end":{"line":10,"column":null}},"9":{"start":{"line":13,"column":48},"end":{"line":13,"column":null}},"10":{"start":{"line":14,"column":34},"end":{"line":14,"column":null}},"11":{"start":{"line":16,"column":2},"end":{"line":67,"column":null}},"12":{"start":{"line":17,"column":27},"end":{"line":58,"column":null}},"13":{"start":{"line":18,"column":18},"end":{"line":18,"column":null}},"14":{"start":{"line":21,"column":22},"end":{"line":30,"column":null}},"15":{"start":{"line":33,"column":24},"end":{"line":33,"column":null}},"16":{"start":{"line":34,"column":20},"end":{"line":34,"column":null}},"17":{"start":{"line":37,"column":19},"end":{"line":37,"column":null}},"18":{"start":{"line":37,"column":40},"end":{"line":37,"column":63}},"19":{"start":{"line":38,"column":20},"end":{"line":38,"column":null}},"20":{"start":{"line":38,"column":41},"end":{"line":38,"column":65}},"21":{"start":{"line":39,"column":18},"end":{"line":39,"column":null}},"22":{"start":{"line":39,"column":39},"end":{"line":39,"column":61}},"23":{"start":{"line":40,"column":19},"end":{"line":40,"column":null}},"24":{"start":{"line":40,"column":40},"end":{"line":40,"column":63}},"25":{"start":{"line":41,"column":21},"end":{"line":41,"column":null}},"26":{"start":{"line":41,"column":42},"end":{"line":41,"column":67}},"27":{"start":{"line":42,"column":21},"end":{"line":42,"column":null}},"28":{"start":{"line":42,"column":42},"end":{"line":42,"column":67}},"29":{"start":{"line":44,"column":32},"end":{"line":44,"column":85}},"30":{"start":{"line":45,"column":6},"end":{"line":45,"column":null}},"31":{"start":{"line":48,"column":26},"end":{"line":48,"column":null}},"32":{"start":{"line":49,"column":20},"end":{"line":49,"column":null}},"33":{"start":{"line":51,"column":6},"end":{"line":57,"column":null}},"34":{"start":{"line":52,"column":8},"end":{"line":52,"column":null}},"35":{"start":{"line":53,"column":13},"end":{"line":57,"column":null}},"36":{"start":{"line":54,"column":8},"end":{"line":54,"column":null}},"37":{"start":{"line":56,"column":8},"end":{"line":56,"column":null}},"38":{"start":{"line":61,"column":4},"end":{"line":61,"column":null}},"39":{"start":{"line":64,"column":21},"end":{"line":64,"column":null}},"40":{"start":{"line":66,"column":4},"end":{"line":66,"column":null}},"41":{"start":{"line":66,"column":17},"end":{"line":66,"column":null}}},"fnMap":{"0":{"name":"Home","decl":{"start":{"line":12,"column":24},"end":{"line":12,"column":null}},"loc":{"start":{"line":12,"column":24},"end":{"line":203,"column":null}}},"1":{"name":"(anonymous_3)","decl":{"start":{"line":16,"column":12},"end":{"line":16,"column":null}},"loc":{"start":{"line":16,"column":12},"end":{"line":67,"column":5}}},"2":{"name":"(anonymous_4)","decl":{"start":{"line":17,"column":27},"end":{"line":17,"column":null}},"loc":{"start":{"line":17,"column":27},"end":{"line":58,"column":null}}},"3":{"name":"(anonymous_5)","decl":{"start":{"line":37,"column":30},"end":{"line":37,"column":31}},"loc":{"start":{"line":37,"column":40},"end":{"line":37,"column":63}}},"4":{"name":"(anonymous_6)","decl":{"start":{"line":38,"column":31},"end":{"line":38,"column":32}},"loc":{"start":{"line":38,"column":41},"end":{"line":38,"column":65}}},"5":{"name":"(anonymous_7)","decl":{"start":{"line":39,"column":29},"end":{"line":39,"column":30}},"loc":{"start":{"line":39,"column":39},"end":{"line":39,"column":61}}},"6":{"name":"(anonymous_8)","decl":{"start":{"line":40,"column":30},"end":{"line":40,"column":31}},"loc":{"start":{"line":40,"column":40},"end":{"line":40,"column":63}}},"7":{"name":"(anonymous_9)","decl":{"start":{"line":41,"column":32},"end":{"line":41,"column":33}},"loc":{"start":{"line":41,"column":42},"end":{"line":41,"column":67}}},"8":{"name":"(anonymous_10)","decl":{"start":{"line":42,"column":32},"end":{"line":42,"column":33}},"loc":{"start":{"line":42,"column":42},"end":{"line":42,"column":67}}},"9":{"name":"(anonymous_11)","decl":{"start":{"line":66,"column":11},"end":{"line":66,"column":17}},"loc":{"start":{"line":66,"column":17},"end":{"line":66,"column":null}}}},"branchMap":{"0":{"loc":{"start":{"line":37,"column":19},"end":{"line":37,"column":null}},"type":"binary-expr","locations":[{"start":{"line":37,"column":19},"end":{"line":37,"column":72}},{"start":{"line":37,"column":72},"end":{"line":37,"column":null}}]},"1":{"loc":{"start":{"line":38,"column":20},"end":{"line":38,"column":null}},"type":"binary-expr","locations":[{"start":{"line":38,"column":20},"end":{"line":38,"column":74}},{"start":{"line":38,"column":74},"end":{"line":38,"column":null}}]},"2":{"loc":{"start":{"line":39,"column":18},"end":{"line":39,"column":null}},"type":"binary-expr","locations":[{"start":{"line":39,"column":18},"end":{"line":39,"column":70}},{"start":{"line":39,"column":70},"end":{"line":39,"column":null}}]},"3":{"loc":{"start":{"line":40,"column":19},"end":{"line":40,"column":null}},"type":"binary-expr","locations":[{"start":{"line":40,"column":19},"end":{"line":40,"column":72}},{"start":{"line":40,"column":72},"end":{"line":40,"column":null}}]},"4":{"loc":{"start":{"line":41,"column":21},"end":{"line":41,"column":null}},"type":"binary-expr","locations":[{"start":{"line":41,"column":21},"end":{"line":41,"column":76}},{"start":{"line":41,"column":76},"end":{"line":41,"column":null}}]},"5":{"loc":{"start":{"line":42,"column":21},"end":{"line":42,"column":null}},"type":"binary-expr","locations":[{"start":{"line":42,"column":21},"end":{"line":42,"column":76}},{"start":{"line":42,"column":76},"end":{"line":42,"column":null}}]},"6":{"loc":{"start":{"line":51,"column":6},"end":{"line":57,"column":null}},"type":"if","locations":[{"start":{"line":51,"column":6},"end":{"line":57,"column":null}},{"start":{"line":53,"column":13},"end":{"line":57,"column":null}}]},"7":{"loc":{"start":{"line":53,"column":13},"end":{"line":57,"column":null}},"type":"if","locations":[{"start":{"line":53,"column":13},"end":{"line":57,"column":null}},{"start":{"line":55,"column":13},"end":{"line":57,"column":null}}]}},"s":{"0":11,"1":2,"2":2,"3":2,"4":2,"5":2,"6":2,"7":2,"8":2,"9":22,"10":22,"11":22,"12":11,"13":11,"14":11,"15":11,"16":11,"17":11,"18":11,"19":11,"20":33,"21":11,"22":55,"23":11,"24":77,"25":11,"26":99,"27":11,"28":121,"29":11,"30":11,"31":11,"32":11,"33":11,"34":0,"35":11,"36":11,"37":0,"38":11,"39":11,"40":11,"41":11},"f":{"0":22,"1":11,"2":11,"3":11,"4":33,"5":55,"6":77,"7":99,"8":121,"9":11},"b":{"0":[11,0],"1":[11,0],"2":[11,0],"3":[11,0],"4":[11,0],"5":[11,0],"6":[0,11],"7":[11,0]}}
,"/Users/saralas/Desktop/SoftwareTools/LiveWeatherToronto/app/weather-service.ts": {"path":"/Users/saralas/Desktop/SoftwareTools/LiveWeatherToronto/app/weather-service.ts","statementMap":{"0":{"start":{"line":4,"column":22},"end":{"line":4,"column":40}},"1":{"start":{"line":5,"column":2},"end":{"line":18,"column":null}},"2":{"start":{"line":6,"column":21},"end":{"line":7,"column":null}},"3":{"start":{"line":10,"column":4},"end":{"line":12,"column":null}},"4":{"start":{"line":11,"column":6},"end":{"line":11,"column":null}},"5":{"start":{"line":14,"column":4},"end":{"line":14,"column":null}},"6":{"start":{"line":16,"column":4},"end":{"line":16,"column":null}},"7":{"start":{"line":17,"column":4},"end":{"line":17,"column":null}}},"fnMap":{"0":{"name":"getTorontoWeather","decl":{"start":{"line":4,"column":22},"end":{"line":4,"column":40}},"loc":{"start":{"line":4,"column":54},"end":{"line":19,"column":null}}}},"branchMap":{"0":{"loc":{"start":{"line":10,"column":4},"end":{"line":12,"column":null}},"type":"if","locations":[{"start":{"line":10,"column":4},"end":{"line":12,"column":null}}]}},"s":{"0":3,"1":3,"2":3,"3":2,"4":1,"5":1,"6":2,"7":2},"f":{"0":3},"b":{"0":[1]}}
,"/Users/saralas/Desktop/SoftwareTools/LiveWeatherToronto/app/api/env-check/route.ts": {"path":"/Users/saralas/Desktop/SoftwareTools/LiveWeatherToronto/app/api/env-check/route.ts","statementMap":{"0":{"start":{"line":3,"column":22},"end":{"line":3,"column":null}},"1":{"start":{"line":1,"column":29},"end":{"line":1,"column":null}},"2":{"start":{"line":4,"column":2},"end":{"line":8,"column":null}}},"fnMap":{"0":{"name":"GET","decl":{"start":{"line":3,"column":22},"end":{"line":3,"column":null}},"loc":{"start":{"line":3,"column":22},"end":{"line":9,"column":null}}}},"branchMap":{"0":{"loc":{"start":{"line":7,"column":15},"end":{"line":7,"column":null}},"type":"cond-expr","locations":[{"start":{"line":7,"column":49},"end":{"line":7,"column":57}},{"start":{"line":7,"column":57},"end":{"line":7,"column":null}}]}},"s":{"0":2,"1":1,"2":2},"f":{"0":2},"b":{"0":[1,1]}}
,"/Users/saralas/Desktop/SoftwareTools/LiveWeatherToronto/app/api/weather/route.ts": {"path":"/Users/saralas/Desktop/SoftwareTools/LiveWeatherToronto/app/api/weather/route.ts","statementMap":{"0":{"start":{"line":5,"column":22},"end":{"line":5,"column":null}},"1":{"start":{"line":1,"column":29},"end":{"line":1,"column":null}},"2":{"start":{"line":2,"column":19},"end":{"line":2,"column":null}},"3":{"start":{"line":3,"column":0},"end":{"line":3,"column":null}},"4":{"start":{"line":6,"column":2},"end":{"line":60,"column":null}},"5":{"start":{"line":8,"column":19},"end":{"line":8,"column":50}},"6":{"start":{"line":11,"column":4},"end":{"line":14,"column":null}},"7":{"start":{"line":16,"column":4},"end":{"line":19,"column":null}},"8":{"start":{"line":17,"column":6},"end":{"line":17,"column":null}},"9":{"start":{"line":18,"column":6},"end":{"line":18,"column":null}},"10":{"start":{"line":23,"column":16},"end":{"line":23,"column":119}},"11":{"start":{"line":24,"column":4},"end":{"line":24,"column":null}},"12":{"start":{"line":26,"column":21},"end":{"line":31,"column":null}},"13":{"start":{"line":33,"column":4},"end":{"line":41,"column":null}},"14":{"start":{"line":34,"column":24},"end":{"line":34,"column":null}},"15":{"start":{"line":35,"column":6},"end":{"line":35,"column":null}},"16":{"start":{"line":36,"column":6},"end":{"line":36,"column":null}},"17":{"start":{"line":37,"column":6},"end":{"line":39,"column":null}},"18":{"start":{"line":43,"column":17},"end":{"line":43,"column":null}},"19":{"start":{"line":44,"column":4},"end":{"line":48,"column":null}},"20":{"start":{"line":51,"column":4},"end":{"line":51,"column":null}},"21":{"start":{"line":53,"column":4},"end":{"line":53,"column":null}},"22":{"start":{"line":55,"column":4},"end":{"line":55,"column":null}},"23":{"start":{"line":56,"column":4},"end":{"line":58,"column":null}}},"fnMap":{"0":{"name":"GET","decl":{"start":{"line":5,"column":22},"end":{"line":5,"column":null}},"loc":{"start":{"line":5,"column":22},"end":{"line":61,"column":null}}}},"branchMap":{"0":{"loc":{"start":{"line":13,"column":20},"end":{"line":13,"column":null}},"type":"cond-expr","locations":[{"start":{"line":13,"column":29},"end":{"line":13,"column":42}},{"start":{"line":13,"column":45},"end":{"line":13,"column":null}}]},"1":{"loc":{"start":{"line":16,"column":4},"end":{"line":19,"column":null}},"type":"if","locations":[{"start":{"line":16,"column":4},"end":{"line":19,"column":null}}]},"2":{"loc":{"start":{"line":33,"column":4},"end":{"line":41,"column":null}},"type":"if","locations":[{"start":{"line":33,"column":4},"end":{"line":41,"column":null}}]}},"s":{"0":4,"1":1,"2":1,"3":1,"4":4,"5":4,"6":4,"7":4,"8":1,"9":1,"10":3,"11":3,"12":3,"13":2,"14":1,"15":1,"16":1,"17":1,"18":1,"19":1,"20":1,"21":1,"22":1,"23":1},"f":{"0":4},"b":{"0":[3,1],"1":[1],"2":[1]}}
,"/Users/saralas/Desktop/SoftwareTools/LiveWeatherToronto/components/about-us.tsx": {"path":"/Users/saralas/Desktop/SoftwareTools/LiveWeatherToronto/components/about-us.tsx","statementMap":{"0":{"start":{"line":1,"column":24},"end":{"line":1,"column":null}}},"fnMap":{"0":{"name":"AboutUs","decl":{"start":{"line":1,"column":24},"end":{"line":1,"column":null}},"loc":{"start":{"line":1,"column":24},"end":{"line":33,"column":null}}}},"branchMap":{},"s":{"0":25},"f":{"0":25},"b":{}}
,"/Users/saralas/Desktop/SoftwareTools/LiveWeatherToronto/components/our-customers.tsx": {"path":"/Users/saralas/Desktop/SoftwareTools/LiveWeatherToronto/components/our-customers.tsx","statementMap":{"0":{"start":{"line":1,"column":24},"end":{"line":1,"column":null}},"1":{"start":{"line":2,"column":23},"end":{"line":21,"column":null}},"2":{"start":{"line":23,"column":18},"end":{"line":32,"column":null}},"3":{"start":{"line":48,"column":12},"end":{"line":48,"column":29}},"4":{"start":{"line":63,"column":12},"end":{"line":63,"column":29}}},"fnMap":{"0":{"name":"OurCustomers","decl":{"start":{"line":1,"column":24},"end":{"line":1,"column":null}},"loc":{"start":{"line":1,"column":24},"end":{"line":71,"column":null}}},"1":{"name":"(anonymous_2)","decl":{"start":{"line":47,"column":28},"end":{"line":47,"column":29}},"loc":{"start":{"line":48,"column":12},"end":{"line":48,"column":29}}},"2":{"name":"(anonymous_3)","decl":{"start":{"line":62,"column":23},"end":{"line":62,"column":24}},"loc":{"start":{"line":63,"column":12},"end":{"line":63,"column":29}}}},"branchMap":{},"s":{"0":25,"1":3,"2":3,"3":9,"4":24},"f":{"0":3,"1":9,"2":24},"b":{}}
,"/Users/saralas/Desktop/SoftwareTools/LiveWeatherToronto/components/our-services.tsx": {"path":"/Users/saralas/Desktop/SoftwareTools/LiveWeatherToronto/components/our-services.tsx","statementMap":{"0":{"start":{"line":3,"column":24},"end":{"line":3,"column":null}},"1":{"start":{"line":1,"column":60},"end":{"line":1,"column":null}},"2":{"start":{"line":4,"column":19},"end":{"line":41,"column":null}},"3":{"start":{"line":55,"column":10},"end":{"line":56,"column":null}}},"fnMap":{"0":{"name":"OurServices","decl":{"start":{"line":3,"column":24},"end":{"line":3,"column":null}},"loc":{"start":{"line":3,"column":24},"end":{"line":71,"column":null}}},"1":{"name":"(anonymous_2)","decl":{"start":{"line":54,"column":22},"end":{"line":54,"column":23}},"loc":{"start":{"line":55,"column":10},"end":{"line":56,"column":null}}}},"branchMap":{},"s":{"0":26,"1":3,"2":4,"3":24},"f":{"0":4,"1":24},"b":{}}
,"/Users/saralas/Desktop/SoftwareTools/LiveWeatherToronto/components/theme-provider.tsx": {"path":"/Users/saralas/Desktop/SoftwareTools/LiveWeatherToronto/components/theme-provider.tsx","statementMap":{"0":{"start":{"line":5,"column":16},"end":{"line":5,"column":30}},"1":{"start":{"line":2,"column":52},"end":{"line":2,"column":null}}},"fnMap":{"0":{"name":"ThemeProvider","decl":{"start":{"line":5,"column":16},"end":{"line":5,"column":30}},"loc":{"start":{"line":5,"column":72},"end":{"line":7,"column":null}}}},"branchMap":{},"s":{"0":1,"1":1},"f":{"0":1},"b":{}}
,"/Users/saralas/Desktop/SoftwareTools/LiveWeatherToronto/components/weather-display.tsx": {"path":"/Users/saralas/Desktop/SoftwareTools/LiveWeatherToronto/components/weather-display.tsx","statementMap":{"0":{"start":{"line":37,"column":24},"end":{"line":37,"column":null}},"1":{"start":{"line":3,"column":36},"end":{"line":3,"column":null}},"2":{"start":{"line":4,"column":45},"end":{"line":4,"column":null}},"3":{"start":{"line":5,"column":25},"end":{"line":5,"column":null}},"4":{"start":{"line":16,"column":7},"end":{"line":16,"column":null}},"5":{"start":{"line":17,"column":23},"end":{"line":17,"column":null}},"6":{"start":{"line":38,"column":32},"end":{"line":38,"column":null}},"7":{"start":{"line":39,"column":32},"end":{"line":39,"column":null}},"8":{"start":{"line":40,"column":28},"end":{"line":40,"column":null}},"9":{"start":{"line":41,"column":42},"end":{"line":41,"column":null}},"10":{"start":{"line":42,"column":40},"end":{"line":42,"column":null}},"11":{"start":{"line":43,"column":38},"end":{"line":43,"column":null}},"12":{"start":{"line":45,"column":2},"end":{"line":96,"column":null}},"13":{"start":{"line":46,"column":25},"end":{"line":91,"column":null}},"14":{"start":{"line":47,"column":6},"end":{"line":90,"column":null}},"15":{"start":{"line":48,"column":8},"end":{"line":48,"column":null}},"16":{"start":{"line":49,"column":8},"end":{"line":49,"column":null}},"17":{"start":{"line":50,"column":8},"end":{"line":50,"column":null}},"18":{"start":{"line":52,"column":25},"end":{"line":58,"column":null}},"19":{"start":{"line":60,"column":21},"end":{"line":60,"column":null}},"20":{"start":{"line":62,"column":8},"end":{"line":70,"column":null}},"21":{"start":{"line":63,"column":10},"end":{"line":65,"column":null}},"22":{"start":{"line":64,"column":12},"end":{"line":64,"column":null}},"23":{"start":{"line":66,"column":10},"end":{"line":66,"column":null}},"24":{"start":{"line":67,"column":10},"end":{"line":67,"column":null}},"25":{"start":{"line":68,"column":10},"end":{"line":68,"column":null}},"26":{"start":{"line":69,"column":10},"end":{"line":69,"column":null}},"27":{"start":{"line":72,"column":8},"end":{"line":72,"column":null}},"28":{"start":{"line":74,"column":20},"end":{"line":74,"column":null}},"29":{"start":{"line":75,"column":24},"end":{"line":80,"column":null}},"30":{"start":{"line":81,"column":8},"end":{"line":81,"column":null}},"31":{"start":{"line":83,"column":8},"end":{"line":83,"column":null}},"32":{"start":{"line":85,"column":8},"end":{"line":87,"column":null}},"33":{"start":{"line":86,"column":10},"end":{"line":86,"column":null}},"34":{"start":{"line":88,"column":8},"end":{"line":88,"column":null}},"35":{"start":{"line":89,"column":8},"end":{"line":89,"column":null}},"36":{"start":{"line":93,"column":4},"end":{"line":93,"column":null}},"37":{"start":{"line":94,"column":28},"end":{"line":94,"column":null}},"38":{"start":{"line":95,"column":4},"end":{"line":95,"column":null}},"39":{"start":{"line":95,"column":17},"end":{"line":95,"column":null}},"40":{"start":{"line":98,"column":22},"end":{"line":100,"column":null}},"41":{"start":{"line":99,"column":4},"end":{"line":99,"column":null}},"42":{"start":{"line":99,"column":28},"end":{"line":99,"column":null}},"43":{"start":{"line":102,"column":27},"end":{"line":137,"column":null}},"44":{"start":{"line":103,"column":4},"end":{"line":108,"column":null}},"45":{"start":{"line":104,"column":6},"end":{"line":108,"column":null}},"46":{"start":{"line":110,"column":22},"end":{"line":110,"column":null}},"47":{"start":{"line":112,"column":4},"end":{"line":136,"column":null}},"48":{"start":{"line":113,"column":6},"end":{"line":117,"column":null}},"49":{"start":{"line":118,"column":11},"end":{"line":136,"column":null}},"50":{"start":{"line":119,"column":6},"end":{"line":123,"column":null}},"51":{"start":{"line":124,"column":11},"end":{"line":136,"column":null}},"52":{"start":{"line":125,"column":6},"end":{"line":129,"column":null}},"53":{"start":{"line":131,"column":6},"end":{"line":135,"column":null}},"54":{"start":{"line":139,"column":39},"end":{"line":139,"column":null}},"55":{"start":{"line":141,"column":2},"end":{"line":175,"column":null}},"56":{"start":{"line":163,"column":31},"end":{"line":163,"column":null}}},"fnMap":{"0":{"name":"WeatherDisplay","decl":{"start":{"line":37,"column":24},"end":{"line":37,"column":null}},"loc":{"start":{"line":37,"column":24},"end":{"line":264,"column":null}}},"1":{"name":"(anonymous_2)","decl":{"start":{"line":45,"column":12},"end":{"line":45,"column":null}},"loc":{"start":{"line":45,"column":12},"end":{"line":96,"column":5}}},"2":{"name":"(anonymous_3)","decl":{"start":{"line":46,"column":25},"end":{"line":46,"column":null}},"loc":{"start":{"line":46,"column":25},"end":{"line":91,"column":null}}},"3":{"name":"(anonymous_4)","decl":{"start":{"line":95,"column":11},"end":{"line":95,"column":17}},"loc":{"start":{"line":95,"column":17},"end":{"line":95,"column":null}}},"4":{"name":"(anonymous_5)","decl":{"start":{"line":98,"column":22},"end":{"line":98,"column":null}},"loc":{"start":{"line":98,"column":22},"end":{"line":100,"column":null}}},"5":{"name":"(anonymous_6)","decl":{"start":{"line":99,"column":18},"end":{"line":99,"column":19}},"loc":{"start":{"line":99,"column":28},"end":{"line":99,"column":null}}},"6":{"name":"(anonymous_7)","decl":{"start":{"line":102,"column":27},"end":{"line":102,"column":null}},"loc":{"start":{"line":102,"column":27},"end":{"line":137,"column":null}}},"7":{"name":"(anonymous_8)","decl":{"start":{"line":163,"column":25},"end":{"line":163,"column":31}},"loc":{"start":{"line":163,"column":31},"end":{"line":163,"column":null}}}},"branchMap":{"0":{"loc":{"start":{"line":62,"column":8},"end":{"line":70,"column":null}},"type":"if","locations":[{"start":{"line":62,"column":8},"end":{"line":70,"column":null}}]},"1":{"loc":{"start":{"line":63,"column":10},"end":{"line":65,"column":null}},"type":"if","locations":[{"start":{"line":63,"column":10},"end":{"line":65,"column":null}}]},"2":{"loc":{"start":{"line":66,"column":48},"end":{"line":66,"column":79}},"type":"binary-expr","locations":[{"start":{"line":66,"column":48},"end":{"line":66,"column":58}},{"start":{"line":66,"column":62},"end":{"line":66,"column":79}}]},"3":{"loc":{"start":{"line":67,"column":26},"end":{"line":67,"column":null}},"type":"binary-expr","locations":[{"start":{"line":67,"column":26},"end":{"line":67,"column":38}},{"start":{"line":67,"column":42},"end":{"line":67,"column":54}},{"start":{"line":67,"column":58},"end":{"line":67,"column":null}}]},"4":{"loc":{"start":{"line":85,"column":8},"end":{"line":87,"column":null}},"type":"if","locations":[{"start":{"line":85,"column":8},"end":{"line":87,"column":null}}]},"5":{"loc":{"start":{"line":103,"column":4},"end":{"line":108,"column":null}},"type":"if","locations":[{"start":{"line":103,"column":4},"end":{"line":108,"column":null}}]},"6":{"loc":{"start":{"line":103,"column":8},"end":{"line":103,"column":39}},"type":"binary-expr","locations":[{"start":{"line":103,"column":8},"end":{"line":103,"column":20}},{"start":{"line":103,"column":20},"end":{"line":103,"column":39}}]},"7":{"loc":{"start":{"line":112,"column":4},"end":{"line":136,"column":null}},"type":"if","locations":[{"start":{"line":112,"column":4},"end":{"line":136,"column":null}},{"start":{"line":118,"column":11},"end":{"line":136,"column":null}}]},"8":{"loc":{"start":{"line":118,"column":11},"end":{"line":136,"column":null}},"type":"if","locations":[{"start":{"line":118,"column":11},"end":{"line":136,"column":null}},{"start":{"line":124,"column":11},"end":{"line":136,"column":null}}]},"9":{"loc":{"start":{"line":124,"column":11},"end":{"line":136,"column":null}},"type":"if","locations":[{"start":{"line":124,"column":11},"end":{"line":136,"column":null}},{"start":{"line":130,"column":11},"end":{"line":136,"column":null}}]},"10":{"loc":{"start":{"line":124,"column":15},"end":{"line":124,"column":76}},"type":"binary-expr","locations":[{"start":{"line":124,"column":15},"end":{"line":124,"column":45}},{"start":{"line":124,"column":45},"end":{"line":124,"column":76}}]},"11":{"loc":{"start":{"line":141,"column":2},"end":{"line":175,"column":null}},"type":"if","locations":[{"start":{"line":141,"column":2},"end":{"line":175,"column":null}}]},"12":{"loc":{"start":{"line":153,"column":13},"end":{"line":153,"column":null}},"type":"binary-expr","locations":[{"start":{"line":153,"column":13},"end":{"line":153,"column":null}}]},"13":{"loc":{"start":{"line":198,"column":10},"end":{"line":204,"column":11}},"type":"cond-expr","locations":[{"start":{"line":198,"column":10},"end":{"line":204,"column":11}}]},"14":{"loc":{"start":{"line":210,"column":32},"end":{"line":210,"column":57}},"type":"binary-expr","locations":[{"start":{"line":210,"column":32},"end":{"line":210,"column":54}},{"start":{"line":210,"column":54},"end":{"line":210,"column":57}}]},"15":{"loc":{"start":{"line":214,"column":17},"end":{"line":214,"column":36}},"type":"binary-expr","locations":[{"start":{"line":214,"column":17},"end":{"line":214,"column":36}}]},"16":{"loc":{"start":{"line":234,"column":48},"end":{"line":234,"column":76}},"type":"binary-expr","locations":[{"start":{"line":234,"column":48},"end":{"line":234,"column":74}},{"start":{"line":234,"column":74},"end":{"line":234,"column":76}}]},"17":{"loc":{"start":{"line":241,"column":60},"end":{"line":241,"column":88}},"type":"binary-expr","locations":[{"start":{"line":241,"column":60},"end":{"line":241,"column":83}},{"start":{"line":241,"column":83},"end":{"line":241,"column":88}}]},"18":{"loc":{"start":{"line":248,"column":59},"end":{"line":248,"column":90}},"type":"binary-expr","locations":[{"start":{"line":248,"column":59},"end":{"line":248,"column":87}},{"start":{"line":248,"column":87},"end":{"line":248,"column":90}}]}},"s":{"0":34,"1":4,"2":4,"3":4,"4":4,"5":4,"6":51,"7":51,"8":51,"9":51,"10":51,"11":51,"12":51,"13":25,"14":25,"15":25,"16":25,"17":25,"18":25,"19":11,"20":11,"21":5,"22":0,"23":5,"24":5,"25":5,"26":5,"27":6,"28":6,"29":6,"30":6,"31":6,"32":13,"33":0,"34":13,"35":13,"36":25,"37":25,"38":25,"39":25,"40":51,"41":2,"42":2,"43":51,"44":51,"45":45,"46":6,"47":6,"48":4,"49":2,"50":1,"51":1,"52":1,"53":0,"54":51,"55":51,"56":1},"f":{"0":51,"1":25,"2":25,"3":25,"4":2,"5":2,"6":51,"7":1},"b":{"0":[5],"1":[0],"2":[5,0],"3":[5,3,3],"4":[0],"5":[45],"6":[51,6],"7":[4,2],"8":[1,1],"9":[1,0],"10":[1,0],"11":[20],"12":[20],"13":[25],"14":[6,0],"15":[6],"16":[6,0],"17":[6,0],"18":[6,0]}}
,"/Users/saralas/Desktop/SoftwareTools/LiveWeatherToronto/components/ui/accordion.tsx": {"path":"/Users/saralas/Desktop/SoftwareTools/LiveWeatherToronto/components/ui/accordion.tsx","statementMap":{"0":{"start":{"line":58,"column":9},"end":{"line":58,"column":18}},"1":{"start":{"line":58,"column":53},"end":{"line":58,"column":69}},"2":{"start":{"line":58,"column":20},"end":{"line":58,"column":33}},"3":{"start":{"line":58,"column":35},"end":{"line":58,"column":51}},"4":{"start":{"line":3,"column":23},"end":{"line":3,"column":null}},"5":{"start":{"line":4,"column":36},"end":{"line":4,"column":null}},"6":{"start":{"line":5,"column":28},"end":{"line":5,"column":null}},"7":{"start":{"line":7,"column":19},"end":{"line":7,"column":null}},"8":{"start":{"line":9,"column":18},"end":{"line":9,"column":41}},"9":{"start":{"line":21,"column":0},"end":{"line":21,"column":null}},"10":{"start":{"line":41,"column":0},"end":{"line":41,"column":null}},"11":{"start":{"line":56,"column":0},"end":{"line":56,"column":null}}},"fnMap":{},"branchMap":{},"s":{"0":0,"1":0,"2":0,"3":0,"4":0,"5":0,"6":0,"7":0,"8":0,"9":0,"10":0,"11":0},"f":{},"b":{}}
,"/Users/saralas/Desktop/SoftwareTools/LiveWeatherToronto/components/ui/alert-dialog.tsx": {"path":"/Users/saralas/Desktop/SoftwareTools/LiveWeatherToronto/components/ui/alert-dialog.tsx","statementMap":{"0":{"start":{"line":130,"column":2},"end":{"line":130,"column":13}},"1":{"start":{"line":139,"column":2},"end":{"line":139,"column":19}},"2":{"start":{"line":140,"column":2},"end":{"line":140,"column":19}},"3":{"start":{"line":134,"column":2},"end":{"line":134,"column":20}},"4":{"start":{"line":138,"column":2},"end":{"line":138,"column":24}},"5":{"start":{"line":136,"column":2},"end":{"line":136,"column":19}},"6":{"start":{"line":135,"column":2},"end":{"line":135,"column":19}},"7":{"start":{"line":132,"column":2},"end":{"line":132,"column":20}},"8":{"start":{"line":131,"column":2},"end":{"line":131,"column":19}},"9":{"start":{"line":137,"column":2},"end":{"line":137,"column":18}},"10":{"start":{"line":133,"column":2},"end":{"line":133,"column":20}},"11":{"start":{"line":3,"column":23},"end":{"line":3,"column":null}},"12":{"start":{"line":4,"column":38},"end":{"line":4,"column":null}},"13":{"start":{"line":6,"column":19},"end":{"line":6,"column":null}},"14":{"start":{"line":7,"column":31},"end":{"line":7,"column":null}},"15":{"start":{"line":9,"column":20},"end":{"line":9,"column":45}},"16":{"start":{"line":11,"column":27},"end":{"line":11,"column":55}},"17":{"start":{"line":13,"column":26},"end":{"line":13,"column":53}},"18":{"start":{"line":28,"column":0},"end":{"line":28,"column":null}},"19":{"start":{"line":46,"column":0},"end":{"line":46,"column":null}},"20":{"start":{"line":60,"column":0},"end":{"line":60,"column":null}},"21":{"start":{"line":74,"column":0},"end":{"line":74,"column":null}},"22":{"start":{"line":86,"column":0},"end":{"line":86,"column":null}},"23":{"start":{"line":98,"column":0},"end":{"line":99,"column":null}},"24":{"start":{"line":111,"column":0},"end":{"line":111,"column":null}},"25":{"start":{"line":127,"column":0},"end":{"line":127,"column":null}}},"fnMap":{},"branchMap":{},"s":{"0":0,"1":0,"2":0,"3":0,"4":0,"5":0,"6":0,"7":0,"8":0,"9":0,"10":0,"11":0,"12":0,"13":0,"14":0,"15":0,"16":0,"17":0,"18":0,"19":0,"20":0,"21":0,"22":0,"23":0,"24":0,"25":0},"f":{},"b":{}}
,"/Users/saralas/Desktop/SoftwareTools/LiveWeatherToronto/components/ui/alert.tsx": {"path":"/Users/saralas/Desktop/SoftwareTools/LiveWeatherToronto/components/ui/alert.tsx","statementMap":{"0":{"start":{"line":59,"column":9},"end":{"line":59,"column":14}},"1":{"start":{"line":59,"column":28},"end":{"line":59,"column":44}},"2":{"start":{"line":59,"column":16},"end":{"line":59,"column":26}},"3":{"start":{"line":1,"column":23},"end":{"line":1,"column":null}},"4":{"start":{"line":2,"column":39},"end":{"line":2,"column":null}},"5":{"start":{"line":4,"column":19},"end":{"line":4,"column":null}},"6":{"start":{"line":6,"column":22},"end":{"line":19,"column":null}},"7":{"start":{"line":33,"column":0},"end":{"line":33,"column":null}},"8":{"start":{"line":45,"column":0},"end":{"line":45,"column":null}},"9":{"start":{"line":57,"column":0},"end":{"line":57,"column":null}}},"fnMap":{},"branchMap":{},"s":{"0":0,"1":0,"2":0,"3":0,"4":0,"5":0,"6":0,"7":0,"8":0,"9":0},"f":{},"b":{}}
,"/Users/saralas/Desktop/SoftwareTools/LiveWeatherToronto/components/ui/aspect-ratio.tsx": {"path":"/Users/saralas/Desktop/SoftwareTools/LiveWeatherToronto/components/ui/aspect-ratio.tsx","statementMap":{"0":{"start":{"line":7,"column":9},"end":{"line":7,"column":null}},"1":{"start":{"line":3,"column":38},"end":{"line":3,"column":null}},"2":{"start":{"line":5,"column":20},"end":{"line":5,"column":45}}},"fnMap":{},"branchMap":{},"s":{"0":0,"1":0,"2":0},"f":{},"b":{}}
,"/Users/saralas/Desktop/SoftwareTools/LiveWeatherToronto/components/ui/avatar.tsx": {"path":"/Users/saralas/Desktop/SoftwareTools/LiveWeatherToronto/components/ui/avatar.tsx","statementMap":{"0":{"start":{"line":50,"column":9},"end":{"line":50,"column":15}},"1":{"start":{"line":50,"column":30},"end":{"line":50,"column":44}},"2":{"start":{"line":50,"column":17},"end":{"line":50,"column":28}},"3":{"start":{"line":3,"column":23},"end":{"line":3,"column":null}},"4":{"start":{"line":4,"column":33},"end":{"line":4,"column":null}},"5":{"start":{"line":6,"column":19},"end":{"line":6,"column":null}},"6":{"start":{"line":21,"column":0},"end":{"line":21,"column":null}},"7":{"start":{"line":33,"column":0},"end":{"line":33,"column":null}},"8":{"start":{"line":48,"column":0},"end":{"line":48,"column":null}}},"fnMap":{},"branchMap":{},"s":{"0":0,"1":0,"2":0,"3":0,"4":0,"5":0,"6":0,"7":0,"8":0},"f":{},"b":{}}
,"/Users/saralas/Desktop/SoftwareTools/LiveWeatherToronto/components/ui/badge.tsx": {"path":"/Users/saralas/Desktop/SoftwareTools/LiveWeatherToronto/components/ui/badge.tsx","statementMap":{"0":{"start":{"line":36,"column":9},"end":{"line":36,"column":14}},"1":{"start":{"line":36,"column":16},"end":{"line":36,"column":29}},"2":{"start":{"line":1,"column":23},"end":{"line":1,"column":null}},"3":{"start":{"line":2,"column":39},"end":{"line":2,"column":null}},"4":{"start":{"line":4,"column":19},"end":{"line":4,"column":null}},"5":{"start":{"line":6,"column":22},"end":{"line":23,"column":null}}},"fnMap":{"0":{"name":"Badge","decl":{"start":{"line":30,"column":9},"end":{"line":30,"column":15}},"loc":{"start":{"line":30,"column":59},"end":{"line":34,"column":null}}}},"branchMap":{},"s":{"0":0,"1":0,"2":0,"3":0,"4":0,"5":0},"f":{"0":0},"b":{}}
,"/Users/saralas/Desktop/SoftwareTools/LiveWeatherToronto/components/ui/breadcrumb.tsx": {"path":"/Users/saralas/Desktop/SoftwareTools/LiveWeatherToronto/components/ui/breadcrumb.tsx","statementMap":{"0":{"start":{"line":108,"column":2},"end":{"line":108,"column":12}},"1":{"start":{"line":114,"column":2},"end":{"line":114,"column":20}},"2":{"start":{"line":110,"column":2},"end":{"line":110,"column":16}},"3":{"start":{"line":111,"column":2},"end":{"line":111,"column":16}},"4":{"start":{"line":109,"column":2},"end":{"line":109,"column":16}},"5":{"start":{"line":112,"column":2},"end":{"line":112,"column":16}},"6":{"start":{"line":113,"column":2},"end":{"line":113,"column":21}},"7":{"start":{"line":1,"column":23},"end":{"line":1,"column":null}},"8":{"start":{"line":2,"column":21},"end":{"line":2,"column":null}},"9":{"start":{"line":3,"column":45},"end":{"line":3,"column":null}},"10":{"start":{"line":5,"column":19},"end":{"line":5,"column":null}},"11":{"start":{"line":13,"column":0},"end":{"line":13,"column":null}},"12":{"start":{"line":28,"column":0},"end":{"line":28,"column":null}},"13":{"start":{"line":40,"column":0},"end":{"line":40,"column":null}},"14":{"start":{"line":42,"column":23},"end":{"line":57,"column":null}},"15":{"start":{"line":48,"column":15},"end":{"line":48,"column":null}},"16":{"start":{"line":58,"column":0},"end":{"line":58,"column":null}},"17":{"start":{"line":73,"column":0},"end":{"line":73,"column":null}},"18":{"start":{"line":89,"column":0},"end":{"line":89,"column":null}},"19":{"start":{"line":105,"column":0},"end":{"line":105,"column":null}}},"fnMap":{"0":{"name":"(anonymous_14)","decl":{"start":{"line":47,"column":2},"end":{"line":47,"column":3}},"loc":{"start":{"line":47,"column":37},"end":{"line":57,"column":null}}}},"branchMap":{"0":{"loc":{"start":{"line":48,"column":15},"end":{"line":48,"column":null}},"type":"cond-expr","locations":[{"start":{"line":48,"column":25},"end":{"line":48,"column":29}},{"start":{"line":48,"column":32},"end":{"line":48,"column":null}}]},"1":{"loc":{"start":{"line":86,"column":5},"end":{"line":86,"column":null}},"type":"binary-expr","locations":[{"start":{"line":86,"column":5},"end":{"line":86,"column":17}},{"start":{"line":86,"column":17},"end":{"line":86,"column":null}}]}},"s":{"0":0,"1":0,"2":0,"3":0,"4":0,"5":0,"6":0,"7":0,"8":0,"9":0,"10":0,"11":0,"12":0,"13":0,"14":0,"15":0,"16":0,"17":0,"18":0,"19":0},"f":{"0":0},"b":{"0":[0,0],"1":[0,0]}}
,"/Users/saralas/Desktop/SoftwareTools/LiveWeatherToronto/components/ui/button.tsx": {"path":"/Users/saralas/Desktop/SoftwareTools/LiveWeatherToronto/components/ui/button.tsx","statementMap":{"0":{"start":{"line":47,"column":9},"end":{"line":47,"column":15}},"1":{"start":{"line":47,"column":17},"end":{"line":47,"column":31}},"2":{"start":{"line":1,"column":23},"end":{"line":1,"column":null}},"3":{"start":{"line":2,"column":21},"end":{"line":2,"column":null}},"4":{"start":{"line":3,"column":39},"end":{"line":3,"column":null}},"5":{"start":{"line":5,"column":19},"end":{"line":5,"column":null}},"6":{"start":{"line":7,"column":23},"end":{"line":30,"column":null}},"7":{"start":{"line":39,"column":15},"end":{"line":43,"column":null}},"8":{"start":{"line":41,"column":17},"end":{"line":41,"column":null}},"9":{"start":{"line":45,"column":0},"end":{"line":45,"column":null}}},"fnMap":{"0":{"name":"(anonymous_6)","decl":{"start":{"line":40,"column":2},"end":{"line":40,"column":3}},"loc":{"start":{"line":40,"column":60},"end":{"line":43,"column":null}}}},"branchMap":{"0":{"loc":{"start":{"line":40,"column":31},"end":{"line":40,"column":46}},"type":"default-arg","locations":[{"start":{"line":40,"column":41},"end":{"line":40,"column":46}}]},"1":{"loc":{"start":{"line":41,"column":17},"end":{"line":41,"column":null}},"type":"cond-expr","locations":[{"start":{"line":41,"column":27},"end":{"line":41,"column":31}},{"start":{"line":41,"column":34},"end":{"line":41,"column":null}}]}},"s":{"0":77,"1":0,"2":5,"3":5,"4":5,"5":5,"6":5,"7":5,"8":77,"9":5},"f":{"0":77},"b":{"0":[77],"1":[0,77]}}
,"/Users/saralas/Desktop/SoftwareTools/LiveWeatherToronto/components/ui/calendar.tsx": {"path":"/Users/saralas/Desktop/SoftwareTools/LiveWeatherToronto/components/ui/calendar.tsx","statementMap":{"0":{"start":{"line":66,"column":9},"end":{"line":66,"column":null}},"1":{"start":{"line":3,"column":23},"end":{"line":3,"column":null}},"2":{"start":{"line":4,"column":42},"end":{"line":4,"column":null}},"3":{"start":{"line":5,"column":26},"end":{"line":5,"column":null}},"4":{"start":{"line":7,"column":19},"end":{"line":7,"column":null}},"5":{"start":{"line":8,"column":31},"end":{"line":8,"column":null}},"6":{"start":{"line":64,"column":0},"end":{"line":64,"column":null}}},"fnMap":{"0":{"name":"Calendar","decl":{"start":{"line":12,"column":9},"end":{"line":12,"column":18}},"loc":{"start":{"line":17,"column":16},"end":{"line":63,"column":null}}}},"branchMap":{"0":{"loc":{"start":{"line":15,"column":2},"end":{"line":15,"column":24}},"type":"default-arg","locations":[{"start":{"line":15,"column":20},"end":{"line":15,"column":24}}]}},"s":{"0":0,"1":0,"2":0,"3":0,"4":0,"5":0,"6":0},"f":{"0":0},"b":{"0":[0]}}
,"/Users/saralas/Desktop/SoftwareTools/LiveWeatherToronto/components/ui/card.tsx": {"path":"/Users/saralas/Desktop/SoftwareTools/LiveWeatherToronto/components/ui/card.tsx","statementMap":{"0":{"start":{"line":43,"column":9},"end":{"line":43,"column":13}},"1":{"start":{"line":43,"column":67},"end":{"line":43,"column":78}},"2":{"start":{"line":43,"column":50},"end":{"line":43,"column":65}},"3":{"start":{"line":43,"column":27},"end":{"line":43,"column":37}},"4":{"start":{"line":43,"column":15},"end":{"line":43,"column":25}},"5":{"start":{"line":43,"column":39},"end":{"line":43,"column":48}},"6":{"start":{"line":1,"column":23},"end":{"line":1,"column":null}},"7":{"start":{"line":3,"column":19},"end":{"line":3,"column":null}},"8":{"start":{"line":8,"column":0},"end":{"line":8,"column":null}},"9":{"start":{"line":15,"column":0},"end":{"line":15,"column":null}},"10":{"start":{"line":22,"column":0},"end":{"line":22,"column":null}},"11":{"start":{"line":29,"column":0},"end":{"line":29,"column":null}},"12":{"start":{"line":34,"column":0},"end":{"line":34,"column":null}},"13":{"start":{"line":41,"column":0},"end":{"line":41,"column":null}}},"fnMap":{},"branchMap":{},"s":{"0":118,"1":52,"2":0,"3":0,"4":0,"5":52,"6":5,"7":5,"8":5,"9":5,"10":5,"11":5,"12":5,"13":5},"f":{},"b":{}}
,"/Users/saralas/Desktop/SoftwareTools/LiveWeatherToronto/components/ui/carousel.tsx": {"path":"/Users/saralas/Desktop/SoftwareTools/LiveWeatherToronto/components/ui/carousel.tsx","statementMap":{"0":{"start":{"line":257,"column":2},"end":{"line":257,"column":10}},"1":{"start":{"line":258,"column":2},"end":{"line":258,"column":17}},"2":{"start":{"line":259,"column":2},"end":{"line":259,"column":14}},"3":{"start":{"line":261,"column":2},"end":{"line":261,"column":14}},"4":{"start":{"line":260,"column":2},"end":{"line":260,"column":18}},"5":{"start":{"line":3,"column":23},"end":{"line":3,"column":null}},"6":{"start":{"line":6,"column":7},"end":{"line":6,"column":null}},"7":{"start":{"line":7,"column":38},"end":{"line":7,"column":null}},"8":{"start":{"line":9,"column":19},"end":{"line":9,"column":null}},"9":{"start":{"line":10,"column":23},"end":{"line":10,"column":null}},"10":{"start":{"line":33,"column":24},"end":{"line":33,"column":null}},"11":{"start":{"line":36,"column":18},"end":{"line":36,"column":null}},"12":{"start":{"line":38,"column":2},"end":{"line":40,"column":null}},"13":{"start":{"line":39,"column":4},"end":{"line":39,"column":null}},"14":{"start":{"line":42,"column":2},"end":{"line":42,"column":null}},"15":{"start":{"line":45,"column":17},"end":{"line":149,"column":null}},"16":{"start":{"line":61,"column":31},"end":{"line":66,"column":null}},"17":{"start":{"line":68,"column":46},"end":{"line":68,"column":null}},"18":{"start":{"line":69,"column":46},"end":{"line":69,"column":null}},"19":{"start":{"line":71,"column":21},"end":{"line":78,"column":null}},"20":{"start":{"line":72,"column":6},"end":{"line":74,"column":null}},"21":{"start":{"line":73,"column":8},"end":{"line":73,"column":null}},"22":{"start":{"line":76,"column":6},"end":{"line":76,"column":null}},"23":{"start":{"line":77,"column":6},"end":{"line":77,"column":null}},"24":{"start":{"line":80,"column":23},"end":{"line":82,"column":null}},"25":{"start":{"line":81,"column":6},"end":{"line":81,"column":null}},"26":{"start":{"line":84,"column":23},"end":{"line":86,"column":null}},"27":{"start":{"line":85,"column":6},"end":{"line":85,"column":null}},"28":{"start":{"line":88,"column":26},"end":{"line":98,"column":null}},"29":{"start":{"line":90,"column":8},"end":{"line":96,"column":null}},"30":{"start":{"line":91,"column":10},"end":{"line":91,"column":null}},"31":{"start":{"line":92,"column":10},"end":{"line":92,"column":null}},"32":{"start":{"line":93,"column":15},"end":{"line":96,"column":null}},"33":{"start":{"line":94,"column":10},"end":{"line":94,"column":null}},"34":{"start":{"line":95,"column":10},"end":{"line":95,"column":null}},"35":{"start":{"line":101,"column":4},"end":{"line":107,"column":null}},"36":{"start":{"line":102,"column":6},"end":{"line":104,"column":null}},"37":{"start":{"line":103,"column":8},"end":{"line":103,"column":null}},"38":{"start":{"line":106,"column":6},"end":{"line":106,"column":null}},"39":{"start":{"line":109,"column":4},"end":{"line":121,"column":null}},"40":{"start":{"line":110,"column":6},"end":{"line":112,"column":null}},"41":{"start":{"line":111,"column":8},"end":{"line":111,"column":null}},"42":{"start":{"line":114,"column":6},"end":{"line":114,"column":null}},"43":{"start":{"line":115,"column":6},"end":{"line":115,"column":null}},"44":{"start":{"line":116,"column":6},"end":{"line":116,"column":null}},"45":{"start":{"line":118,"column":6},"end":{"line":120,"column":null}},"46":{"start":{"line":119,"column":8},"end":{"line":119,"column":null}},"47":{"start":{"line":151,"column":0},"end":{"line":151,"column":null}},"48":{"start":{"line":153,"column":24},"end":{"line":172,"column":null}},"49":{"start":{"line":157,"column":39},"end":{"line":157,"column":null}},"50":{"start":{"line":173,"column":0},"end":{"line":173,"column":null}},"51":{"start":{"line":175,"column":21},"end":{"line":194,"column":null}},"52":{"start":{"line":179,"column":26},"end":{"line":179,"column":null}},"53":{"start":{"line":195,"column":0},"end":{"line":195,"column":null}},"54":{"start":{"line":197,"column":25},"end":{"line":223,"column":null}},"55":{"start":{"line":201,"column":53},"end":{"line":201,"column":null}},"56":{"start":{"line":224,"column":0},"end":{"line":224,"column":null}},"57":{"start":{"line":226,"column":21},"end":{"line":252,"column":null}},"58":{"start":{"line":230,"column":53},"end":{"line":230,"column":null}},"59":{"start":{"line":253,"column":0},"end":{"line":253,"column":null}}},"fnMap":{"0":{"name":"useCarousel","decl":{"start":{"line":35,"column":9},"end":{"line":35,"column":null}},"loc":{"start":{"line":35,"column":9},"end":{"line":43,"column":null}}},"1":{"name":"(anonymous_11)","decl":{"start":{"line":49,"column":2},"end":{"line":49,"column":null}},"loc":{"start":{"line":59,"column":4},"end":{"line":149,"column":null}}},"2":{"name":"(anonymous_12)","decl":{"start":{"line":71,"column":39},"end":{"line":71,"column":40}},"loc":{"start":{"line":71,"column":40},"end":{"line":78,"column":7}}},"3":{"name":"(anonymous_13)","decl":{"start":{"line":80,"column":41},"end":{"line":80,"column":null}},"loc":{"start":{"line":80,"column":41},"end":{"line":82,"column":7}}},"4":{"name":"(anonymous_14)","decl":{"start":{"line":84,"column":41},"end":{"line":84,"column":null}},"loc":{"start":{"line":84,"column":41},"end":{"line":86,"column":7}}},"5":{"name":"(anonymous_15)","decl":{"start":{"line":89,"column":6},"end":{"line":89,"column":7}},"loc":{"start":{"line":89,"column":7},"end":{"line":97,"column":null}}},"6":{"name":"(anonymous_16)","decl":{"start":{"line":101,"column":20},"end":{"line":101,"column":null}},"loc":{"start":{"line":101,"column":20},"end":{"line":107,"column":7}}},"7":{"name":"(anonymous_17)","decl":{"start":{"line":109,"column":20},"end":{"line":109,"column":null}},"loc":{"start":{"line":109,"column":20},"end":{"line":121,"column":7}}},"8":{"name":"(anonymous_18)","decl":{"start":{"line":118,"column":13},"end":{"line":118,"column":null}},"loc":{"start":{"line":118,"column":13},"end":{"line":120,"column":null}}},"9":{"name":"(anonymous_19)","decl":{"start":{"line":156,"column":2},"end":{"line":156,"column":3}},"loc":{"start":{"line":156,"column":28},"end":{"line":172,"column":null}}},"10":{"name":"(anonymous_20)","decl":{"start":{"line":178,"column":2},"end":{"line":178,"column":3}},"loc":{"start":{"line":178,"column":28},"end":{"line":194,"column":null}}},"11":{"name":"(anonymous_21)","decl":{"start":{"line":200,"column":2},"end":{"line":200,"column":3}},"loc":{"start":{"line":200,"column":64},"end":{"line":223,"column":null}}},"12":{"name":"(anonymous_22)","decl":{"start":{"line":229,"column":2},"end":{"line":229,"column":3}},"loc":{"start":{"line":229,"column":64},"end":{"line":252,"column":null}}}},"branchMap":{"0":{"loc":{"start":{"line":38,"column":2},"end":{"line":40,"column":null}},"type":"if","locations":[{"start":{"line":38,"column":2},"end":{"line":40,"column":null}}]},"1":{"loc":{"start":{"line":51,"column":6},"end":{"line":51,"column":32}},"type":"default-arg","locations":[{"start":{"line":51,"column":20},"end":{"line":51,"column":32}}]},"2":{"loc":{"start":{"line":64,"column":14},"end":{"line":64,"column":null}},"type":"cond-expr","locations":[{"start":{"line":64,"column":45},"end":{"line":64,"column":51}},{"start":{"line":64,"column":51},"end":{"line":64,"column":null}}]},"3":{"loc":{"start":{"line":72,"column":6},"end":{"line":74,"column":null}},"type":"if","locations":[{"start":{"line":72,"column":6},"end":{"line":74,"column":null}}]},"4":{"loc":{"start":{"line":90,"column":8},"end":{"line":96,"column":null}},"type":"if","locations":[{"start":{"line":90,"column":8},"end":{"line":96,"column":null}},{"start":{"line":93,"column":15},"end":{"line":96,"column":null}}]},"5":{"loc":{"start":{"line":93,"column":15},"end":{"line":96,"column":null}},"type":"if","locations":[{"start":{"line":93,"column":15},"end":{"line":96,"column":null}}]},"6":{"loc":{"start":{"line":102,"column":6},"end":{"line":104,"column":null}},"type":"if","locations":[{"start":{"line":102,"column":6},"end":{"line":104,"column":null}}]},"7":{"loc":{"start":{"line":102,"column":10},"end":{"line":102,"column":27}},"type":"binary-expr","locations":[{"start":{"line":102,"column":10},"end":{"line":102,"column":18}},{"start":{"line":102,"column":18},"end":{"line":102,"column":27}}]},"8":{"loc":{"start":{"line":110,"column":6},"end":{"line":112,"column":null}},"type":"if","locations":[{"start":{"line":110,"column":6},"end":{"line":112,"column":null}}]},"9":{"loc":{"start":{"line":130,"column":12},"end":{"line":130,"column":null}},"type":"binary-expr","locations":[{"start":{"line":130,"column":12},"end":{"line":130,"column":28}},{"start":{"line":130,"column":28},"end":{"line":130,"column":73}}]},"10":{"loc":{"start":{"line":130,"column":28},"end":{"line":130,"column":73}},"type":"cond-expr","locations":[{"start":{"line":130,"column":49},"end":{"line":130,"column":62}},{"start":{"line":130,"column":62},"end":{"line":130,"column":73}}]},"11":{"loc":{"start":{"line":165,"column":10},"end":{"line":165,"column":null}},"type":"cond-expr","locations":[{"start":{"line":165,"column":41},"end":{"line":165,"column":51}},{"start":{"line":165,"column":51},"end":{"line":165,"column":null}}]},"12":{"loc":{"start":{"line":188,"column":8},"end":{"line":188,"column":null}},"type":"cond-expr","locations":[{"start":{"line":188,"column":39},"end":{"line":188,"column":48}},{"start":{"line":188,"column":48},"end":{"line":188,"column":null}}]},"13":{"loc":{"start":{"line":200,"column":16},"end":{"line":200,"column":35}},"type":"default-arg","locations":[{"start":{"line":200,"column":26},"end":{"line":200,"column":35}}]},"14":{"loc":{"start":{"line":200,"column":37},"end":{"line":200,"column":50}},"type":"default-arg","locations":[{"start":{"line":200,"column":44},"end":{"line":200,"column":50}}]},"15":{"loc":{"start":{"line":210,"column":8},"end":{"line":212,"column":null}},"type":"cond-expr","locations":[{"start":{"line":211,"column":12},"end":{"line":211,"column":null}},{"start":{"line":212,"column":12},"end":{"line":212,"column":null}}]},"16":{"loc":{"start":{"line":229,"column":16},"end":{"line":229,"column":35}},"type":"default-arg","locations":[{"start":{"line":229,"column":26},"end":{"line":229,"column":35}}]},"17":{"loc":{"start":{"line":229,"column":37},"end":{"line":229,"column":50}},"type":"default-arg","locations":[{"start":{"line":229,"column":44},"end":{"line":229,"column":50}}]},"18":{"loc":{"start":{"line":239,"column":8},"end":{"line":241,"column":null}},"type":"cond-expr","locations":[{"start":{"line":240,"column":12},"end":{"line":240,"column":null}},{"start":{"line":241,"column":12},"end":{"line":241,"column":null}}]}},"s":{"0":0,"1":0,"2":0,"3":0,"4":0,"5":0,"6":0,"7":0,"8":0,"9":0,"10":0,"11":0,"12":0,"13":0,"14":0,"15":0,"16":0,"17":0,"18":0,"19":0,"20":0,"21":0,"22":0,"23":0,"24":0,"25":0,"26":0,"27":0,"28":0,"29":0,"30":0,"31":0,"32":0,"33":0,"34":0,"35":0,"36":0,"37":0,"38":0,"39":0,"40":0,"41":0,"42":0,"43":0,"44":0,"45":0,"46":0,"47":0,"48":0,"49":0,"50":0,"51":0,"52":0,"53":0,"54":0,"55":0,"56":0,"57":0,"58":0,"59":0},"f":{"0":0,"1":0,"2":0,"3":0,"4":0,"5":0,"6":0,"7":0,"8":0,"9":0,"10":0,"11":0,"12":0},"b":{"0":[0],"1":[0],"2":[0,0],"3":[0],"4":[0,0],"5":[0],"6":[0],"7":[0,0],"8":[0],"9":[0,0],"10":[0,0],"11":[0,0],"12":[0,0],"13":[0],"14":[0],"15":[0,0],"16":[0],"17":[0],"18":[0,0]}}
,"/Users/saralas/Desktop/SoftwareTools/LiveWeatherToronto/components/ui/chart.tsx": {"path":"/Users/saralas/Desktop/SoftwareTools/LiveWeatherToronto/components/ui/chart.tsx","statementMap":{"0":{"start":{"line":359,"column":2},"end":{"line":359,"column":16}},"1":{"start":{"line":362,"column":2},"end":{"line":362,"column":13}},"2":{"start":{"line":363,"column":2},"end":{"line":363,"column":20}},"3":{"start":{"line":364,"column":2},"end":{"line":364,"column":12}},"4":{"start":{"line":360,"column":2},"end":{"line":360,"column":14}},"5":{"start":{"line":361,"column":2},"end":{"line":361,"column":21}},"6":{"start":{"line":3,"column":23},"end":{"line":3,"column":null}},"7":{"start":{"line":4,"column":35},"end":{"line":4,"column":null}},"8":{"start":{"line":6,"column":19},"end":{"line":6,"column":null}},"9":{"start":{"line":9,"column":15},"end":{"line":9,"column":null}},"10":{"start":{"line":25,"column":21},"end":{"line":25,"column":null}},"11":{"start":{"line":28,"column":18},"end":{"line":28,"column":null}},"12":{"start":{"line":30,"column":2},"end":{"line":32,"column":null}},"13":{"start":{"line":31,"column":4},"end":{"line":31,"column":null}},"14":{"start":{"line":34,"column":2},"end":{"line":34,"column":null}},"15":{"start":{"line":37,"column":23},"end":{"line":67,"column":null}},"16":{"start":{"line":46,"column":19},"end":{"line":46,"column":null}},"17":{"start":{"line":47,"column":18},"end":{"line":47,"column":61}},"18":{"start":{"line":68,"column":0},"end":{"line":68,"column":null}},"19":{"start":{"line":70,"column":19},"end":{"line":101,"column":null}},"20":{"start":{"line":71,"column":22},"end":{"line":72,"column":null}},"21":{"start":{"line":72,"column":21},"end":{"line":72,"column":49}},"22":{"start":{"line":75,"column":2},"end":{"line":77,"column":null}},"23":{"start":{"line":76,"column":4},"end":{"line":76,"column":null}},"24":{"start":{"line":84,"column":33},"end":{"line":95,"column":1}},"25":{"start":{"line":89,"column":6},"end":{"line":90,"column":22}},"26":{"start":{"line":91,"column":4},"end":{"line":91,"column":null}},"27":{"start":{"line":103,"column":21},"end":{"line":103,"column":46}},"28":{"start":{"line":105,"column":28},"end":{"line":255,"column":null}},"29":{"start":{"line":134,"column":23},"end":{"line":134,"column":null}},"30":{"start":{"line":136,"column":25},"end":{"line":170,"column":null}},"31":{"start":{"line":137,"column":6},"end":{"line":139,"column":null}},"32":{"start":{"line":138,"column":8},"end":{"line":138,"column":null}},"33":{"start":{"line":141,"column":21},"end":{"line":141,"column":null}},"34":{"start":{"line":142,"column":18},"end":{"line":142,"column":71}},"35":{"start":{"line":143,"column":25},"end":{"line":143,"column":null}},"36":{"start":{"line":145,"column":8},"end":{"line":147,"column":null}},"37":{"start":{"line":149,"column":6},"end":{"line":155,"column":null}},"38":{"start":{"line":157,"column":6},"end":{"line":159,"column":null}},"39":{"start":{"line":158,"column":8},"end":{"line":158,"column":null}},"40":{"start":{"line":172,"column":4},"end":{"line":174,"column":null}},"41":{"start":{"line":173,"column":6},"end":{"line":173,"column":null}},"42":{"start":{"line":176,"column":22},"end":{"line":176,"column":null}},"43":{"start":{"line":189,"column":24},"end":{"line":189,"column":76}},"44":{"start":{"line":190,"column":31},"end":{"line":190,"column":null}},"45":{"start":{"line":191,"column":35},"end":{"line":191,"column":75}},"46":{"start":{"line":193,"column":12},"end":{"line":195,"column":null}},"47":{"start":{"line":257,"column":0},"end":{"line":257,"column":null}},"48":{"start":{"line":259,"column":20},"end":{"line":259,"column":44}},"49":{"start":{"line":261,"column":27},"end":{"line":315,"column":null}},"50":{"start":{"line":273,"column":23},"end":{"line":273,"column":null}},"51":{"start":{"line":275,"column":4},"end":{"line":277,"column":null}},"52":{"start":{"line":276,"column":6},"end":{"line":276,"column":null}},"53":{"start":{"line":289,"column":22},"end":{"line":289,"column":61}},"54":{"start":{"line":290,"column":29},"end":{"line":290,"column":null}},"55":{"start":{"line":292,"column":10},"end":{"line":294,"column":null}},"56":{"start":{"line":317,"column":0},"end":{"line":317,"column":null}},"57":{"start":{"line":325,"column":2},"end":{"line":327,"column":null}},"58":{"start":{"line":326,"column":4},"end":{"line":326,"column":null}},"59":{"start":{"line":330,"column":4},"end":{"line":334,"column":null}},"60":{"start":{"line":336,"column":31},"end":{"line":336,"column":null}},"61":{"start":{"line":338,"column":2},"end":{"line":351,"column":null}},"62":{"start":{"line":342,"column":4},"end":{"line":342,"column":null}},"63":{"start":{"line":343,"column":9},"end":{"line":351,"column":null}},"64":{"start":{"line":348,"column":4},"end":{"line":350,"column":null}},"65":{"start":{"line":353,"column":2},"end":{"line":355,"column":null}}},"fnMap":{"0":{"name":"useChart","decl":{"start":{"line":27,"column":9},"end":{"line":27,"column":null}},"loc":{"start":{"line":27,"column":9},"end":{"line":35,"column":null}}},"1":{"name":"(anonymous_11)","decl":{"start":{"line":45,"column":2},"end":{"line":45,"column":3}},"loc":{"start":{"line":45,"column":50},"end":{"line":67,"column":null}}},"2":{"name":"(anonymous_12)","decl":{"start":{"line":70,"column":19},"end":{"line":70,"column":20}},"loc":{"start":{"line":70,"column":71},"end":{"line":101,"column":null}}},"3":{"name":"(anonymous_13)","decl":{"start":{"line":72,"column":4},"end":{"line":72,"column":5}},"loc":{"start":{"line":72,"column":21},"end":{"line":72,"column":49}}},"4":{"name":"(anonymous_14)","decl":{"start":{"line":84,"column":12},"end":{"line":84,"column":13}},"loc":{"start":{"line":84,"column":33},"end":{"line":95,"column":1}}},"5":{"name":"(anonymous_15)","decl":{"start":{"line":87,"column":7},"end":{"line":87,"column":8}},"loc":{"start":{"line":87,"column":25},"end":{"line":92,"column":null}}},"6":{"name":"(anonymous_16)","decl":{"start":{"line":116,"column":2},"end":{"line":116,"column":null}},"loc":{"start":{"line":132,"column":4},"end":{"line":255,"column":null}}},"7":{"name":"(anonymous_17)","decl":{"start":{"line":136,"column":39},"end":{"line":136,"column":null}},"loc":{"start":{"line":136,"column":39},"end":{"line":162,"column":7}}},"8":{"name":"(anonymous_18)","decl":{"start":{"line":188,"column":23},"end":{"line":188,"column":24}},"loc":{"start":{"line":188,"column":30},"end":{"line":251,"column":null}}},"9":{"name":"(anonymous_19)","decl":{"start":{"line":269,"column":2},"end":{"line":269,"column":null}},"loc":{"start":{"line":271,"column":4},"end":{"line":315,"column":null}}},"10":{"name":"(anonymous_20)","decl":{"start":{"line":288,"column":21},"end":{"line":288,"column":22}},"loc":{"start":{"line":288,"column":22},"end":{"line":312,"column":null}}},"11":{"name":"getPayloadConfigFromPayload","decl":{"start":{"line":320,"column":9},"end":{"line":320,"column":null}},"loc":{"start":{"line":323,"column":13},"end":{"line":356,"column":null}}}},"branchMap":{"0":{"loc":{"start":{"line":30,"column":2},"end":{"line":32,"column":null}},"type":"if","locations":[{"start":{"line":30,"column":2},"end":{"line":32,"column":null}}]},"1":{"loc":{"start":{"line":47,"column":27},"end":{"line":47,"column":61}},"type":"binary-expr","locations":[{"start":{"line":47,"column":27},"end":{"line":47,"column":33}},{"start":{"line":47,"column":33},"end":{"line":47,"column":61}}]},"2":{"loc":{"start":{"line":72,"column":21},"end":{"line":72,"column":49}},"type":"binary-expr","locations":[{"start":{"line":72,"column":21},"end":{"line":72,"column":33}},{"start":{"line":72,"column":37},"end":{"line":72,"column":49}}]},"3":{"loc":{"start":{"line":75,"column":2},"end":{"line":77,"column":null}},"type":"if","locations":[{"start":{"line":75,"column":2},"end":{"line":77,"column":null}}]},"4":{"loc":{"start":{"line":89,"column":6},"end":{"line":90,"column":22}},"type":"binary-expr","locations":[{"start":{"line":89,"column":6},"end":{"line":89,"column":64}},{"start":{"line":90,"column":6},"end":{"line":90,"column":22}}]},"5":{"loc":{"start":{"line":91,"column":11},"end":{"line":91,"column":null}},"type":"cond-expr","locations":[{"start":{"line":91,"column":19},"end":{"line":91,"column":48}},{"start":{"line":91,"column":51},"end":{"line":91,"column":null}}]},"6":{"loc":{"start":{"line":121,"column":6},"end":{"line":121,"column":23}},"type":"default-arg","locations":[{"start":{"line":121,"column":18},"end":{"line":121,"column":23}}]},"7":{"loc":{"start":{"line":122,"column":6},"end":{"line":122,"column":23}},"type":"default-arg","locations":[{"start":{"line":122,"column":18},"end":{"line":122,"column":23}}]},"8":{"loc":{"start":{"line":123,"column":6},"end":{"line":123,"column":27}},"type":"default-arg","locations":[{"start":{"line":123,"column":22},"end":{"line":123,"column":27}}]},"9":{"loc":{"start":{"line":137,"column":6},"end":{"line":139,"column":null}},"type":"if","locations":[{"start":{"line":137,"column":6},"end":{"line":139,"column":null}}]},"10":{"loc":{"start":{"line":137,"column":10},"end":{"line":137,"column":41}},"type":"binary-expr","locations":[{"start":{"line":137,"column":10},"end":{"line":137,"column":23}},{"start":{"line":137,"column":23},"end":{"line":137,"column":41}}]},"11":{"loc":{"start":{"line":142,"column":21},"end":{"line":142,"column":71}},"type":"binary-expr","locations":[{"start":{"line":142,"column":21},"end":{"line":142,"column":33}},{"start":{"line":142,"column":33},"end":{"line":142,"column":45}},{"start":{"line":142,"column":49},"end":{"line":142,"column":58}},{"start":{"line":142,"column":62},"end":{"line":142,"column":71}}]},"12":{"loc":{"start":{"line":145,"column":8},"end":{"line":147,"column":null}},"type":"cond-expr","locations":[{"start":{"line":146,"column":12},"end":{"line":146,"column":null}},{"start":{"line":147,"column":12},"end":{"line":147,"column":null}}]},"13":{"loc":{"start":{"line":145,"column":8},"end":{"line":145,"column":null}},"type":"binary-expr","locations":[{"start":{"line":145,"column":8},"end":{"line":145,"column":21}},{"start":{"line":145,"column":21},"end":{"line":145,"column":null}}]},"14":{"loc":{"start":{"line":146,"column":12},"end":{"line":146,"column":null}},"type":"binary-expr","locations":[{"start":{"line":146,"column":12},"end":{"line":146,"column":59}},{"start":{"line":146,"column":59},"end":{"line":146,"column":null}}]},"15":{"loc":{"start":{"line":149,"column":6},"end":{"line":155,"column":null}},"type":"if","locations":[{"start":{"line":149,"column":6},"end":{"line":155,"column":null}}]},"16":{"loc":{"start":{"line":157,"column":6},"end":{"line":159,"column":null}},"type":"if","locations":[{"start":{"line":157,"column":6},"end":{"line":159,"column":null}}]},"17":{"loc":{"start":{"line":172,"column":4},"end":{"line":174,"column":null}},"type":"if","locations":[{"start":{"line":172,"column":4},"end":{"line":174,"column":null}}]},"18":{"loc":{"start":{"line":172,"column":8},"end":{"line":172,"column":37}},"type":"binary-expr","locations":[{"start":{"line":172,"column":8},"end":{"line":172,"column":19}},{"start":{"line":172,"column":19},"end":{"line":172,"column":37}}]},"19":{"loc":{"start":{"line":176,"column":22},"end":{"line":176,"column":null}},"type":"binary-expr","locations":[{"start":{"line":176,"column":22},"end":{"line":176,"column":46}},{"start":{"line":176,"column":46},"end":{"line":176,"column":null}}]},"20":{"loc":{"start":{"line":186,"column":9},"end":{"line":186,"column":null}},"type":"cond-expr","locations":[{"start":{"line":186,"column":22},"end":{"line":186,"column":37}},{"start":{"line":186,"column":37},"end":{"line":186,"column":null}}]},"21":{"loc":{"start":{"line":189,"column":27},"end":{"line":189,"column":76}},"type":"binary-expr","locations":[{"start":{"line":189,"column":27},"end":{"line":189,"column":38}},{"start":{"line":189,"column":38},"end":{"line":189,"column":47}},{"start":{"line":189,"column":51},"end":{"line":189,"column":63}},{"start":{"line":189,"column":67},"end":{"line":189,"column":76}}]},"22":{"loc":{"start":{"line":191,"column":35},"end":{"line":191,"column":75}},"type":"binary-expr","locations":[{"start":{"line":191,"column":35},"end":{"line":191,"column":44}},{"start":{"line":191,"column":44},"end":{"line":191,"column":61}},{"start":{"line":191,"column":65},"end":{"line":191,"column":75}}]},"23":{"loc":{"start":{"line":198,"column":18},"end":{"line":198,"column":null}},"type":"binary-expr","locations":[{"start":{"line":198,"column":18},"end":{"line":198,"column":41}},{"start":{"line":198,"column":41},"end":{"line":198,"column":null}}]},"24":{"loc":{"start":{"line":202,"column":18},"end":{"line":202,"column":null}},"type":"cond-expr","locations":[{"start":{"line":202,"column":18},"end":{"line":202,"column":null}}]},"25":{"loc":{"start":{"line":201,"column":17},"end":{"line":201,"column":68}},"type":"binary-expr","locations":[{"start":{"line":201,"column":17},"end":{"line":201,"column":30}},{"start":{"line":201,"column":30},"end":{"line":201,"column":59}},{"start":{"line":201,"column":59},"end":{"line":201,"column":68}}]},"26":{"loc":{"start":{"line":206,"column":22},"end":{"line":206,"column":null}},"type":"cond-expr","locations":[{"start":{"line":206,"column":22},"end":{"line":206,"column":null}}]},"27":{"loc":{"start":{"line":208,"column":22},"end":{"line":208,"column":null}},"type":"binary-expr","locations":[{"start":{"line":208,"column":22},"end":{"line":208,"column":null}}]},"28":{"loc":{"start":{"line":217,"column":40},"end":{"line":217,"column":null}},"type":"binary-expr","locations":[{"start":{"line":217,"column":40},"end":{"line":217,"column":53}},{"start":{"line":217,"column":53},"end":{"line":217,"column":null}}]},"29":{"loc":{"start":{"line":232,"column":24},"end":{"line":232,"column":null}},"type":"cond-expr","locations":[{"start":{"line":232,"column":36},"end":{"line":232,"column":50}},{"start":{"line":232,"column":50},"end":{"line":232,"column":null}}]},"30":{"loc":{"start":{"line":236,"column":25},"end":{"line":236,"column":null}},"type":"cond-expr","locations":[{"start":{"line":236,"column":37},"end":{"line":236,"column":52}},{"start":{"line":236,"column":52},"end":{"line":236,"column":null}}]},"31":{"loc":{"start":{"line":238,"column":27},"end":{"line":238,"column":57}},"type":"binary-expr","locations":[{"start":{"line":238,"column":27},"end":{"line":238,"column":48}},{"start":{"line":238,"column":48},"end":{"line":238,"column":57}}]},"32":{"loc":{"start":{"line":241,"column":23},"end":{"line":241,"column":33}},"type":"binary-expr","locations":[{"start":{"line":241,"column":23},"end":{"line":241,"column":33}}]},"33":{"loc":{"start":{"line":270,"column":17},"end":{"line":270,"column":33}},"type":"default-arg","locations":[{"start":{"line":270,"column":28},"end":{"line":270,"column":33}}]},"34":{"loc":{"start":{"line":270,"column":44},"end":{"line":270,"column":68}},"type":"default-arg","locations":[{"start":{"line":270,"column":60},"end":{"line":270,"column":68}}]},"35":{"loc":{"start":{"line":275,"column":4},"end":{"line":277,"column":null}},"type":"if","locations":[{"start":{"line":275,"column":4},"end":{"line":277,"column":null}}]},"36":{"loc":{"start":{"line":284,"column":10},"end":{"line":284,"column":null}},"type":"cond-expr","locations":[{"start":{"line":284,"column":36},"end":{"line":284,"column":45}},{"start":{"line":284,"column":45},"end":{"line":284,"column":null}}]},"37":{"loc":{"start":{"line":289,"column":25},"end":{"line":289,"column":61}},"type":"binary-expr","locations":[{"start":{"line":289,"column":25},"end":{"line":289,"column":36}},{"start":{"line":289,"column":36},"end":{"line":289,"column":48}},{"start":{"line":289,"column":52},"end":{"line":289,"column":61}}]},"38":{"loc":{"start":{"line":300,"column":16},"end":{"line":300,"column":null}},"type":"cond-expr","locations":[{"start":{"line":300,"column":16},"end":{"line":300,"column":null}}]},"39":{"loc":{"start":{"line":299,"column":15},"end":{"line":299,"column":null}},"type":"binary-expr","locations":[{"start":{"line":299,"column":15},"end":{"line":299,"column":35}},{"start":{"line":299,"column":35},"end":{"line":299,"column":null}}]},"40":{"loc":{"start":{"line":325,"column":2},"end":{"line":327,"column":null}},"type":"if","locations":[{"start":{"line":325,"column":2},"end":{"line":327,"column":null}}]},"41":{"loc":{"start":{"line":325,"column":6},"end":{"line":325,"column":55}},"type":"binary-expr","locations":[{"start":{"line":325,"column":6},"end":{"line":325,"column":37}},{"start":{"line":325,"column":37},"end":{"line":325,"column":55}}]},"42":{"loc":{"start":{"line":330,"column":4},"end":{"line":334,"column":null}},"type":"cond-expr","locations":[{"start":{"line":333,"column":8},"end":{"line":333,"column":23}},{"start":{"line":334,"column":8},"end":{"line":334,"column":null}}]},"43":{"loc":{"start":{"line":330,"column":4},"end":{"line":332,"column":null}},"type":"binary-expr","locations":[{"start":{"line":330,"column":4},"end":{"line":330,"column":null}},{"start":{"line":331,"column":4},"end":{"line":331,"column":null}},{"start":{"line":332,"column":4},"end":{"line":332,"column":null}}]},"44":{"loc":{"start":{"line":338,"column":2},"end":{"line":351,"column":null}},"type":"if","locations":[{"start":{"line":338,"column":2},"end":{"line":351,"column":null}},{"start":{"line":343,"column":9},"end":{"line":351,"column":null}}]},"45":{"loc":{"start":{"line":339,"column":4},"end":{"line":340,"column":null}},"type":"binary-expr","locations":[{"start":{"line":339,"column":4},"end":{"line":339,"column":null}},{"start":{"line":340,"column":4},"end":{"line":340,"column":null}}]},"46":{"loc":{"start":{"line":343,"column":9},"end":{"line":351,"column":null}},"type":"if","locations":[{"start":{"line":343,"column":9},"end":{"line":351,"column":null}}]},"47":{"loc":{"start":{"line":344,"column":4},"end":{"line":346,"column":null}},"type":"binary-expr","locations":[{"start":{"line":344,"column":4},"end":{"line":344,"column":null}},{"start":{"line":345,"column":4},"end":{"line":345,"column":null}},{"start":{"line":346,"column":4},"end":{"line":346,"column":null}}]},"48":{"loc":{"start":{"line":353,"column":9},"end":{"line":355,"column":40}},"type":"cond-expr","locations":[{"start":{"line":354,"column":6},"end":{"line":354,"column":28}},{"start":{"line":355,"column":6},"end":{"line":355,"column":40}}]}},"s":{"0":0,"1":0,"2":0,"3":0,"4":0,"5":0,"6":0,"7":0,"8":0,"9":0,"10":0,"11":0,"12":0,"13":0,"14":0,"15":0,"16":0,"17":0,"18":0,"19":0,"20":0,"21":0,"22":0,"23":0,"24":0,"25":0,"26":0,"27":0,"28":0,"29":0,"30":0,"31":0,"32":0,"33":0,"34":0,"35":0,"36":0,"37":0,"38":0,"39":0,"40":0,"41":0,"42":0,"43":0,"44":0,"45":0,"46":0,"47":0,"48":0,"49":0,"50":0,"51":0,"52":0,"53":0,"54":0,"55":0,"56":0,"57":0,"58":0,"59":0,"60":0,"61":0,"62":0,"63":0,"64":0,"65":0},"f":{"0":0,"1":0,"2":0,"3":0,"4":0,"5":0,"6":0,"7":0,"8":0,"9":0,"10":0,"11":0},"b":{"0":[0],"1":[0,0],"2":[0,0],"3":[0],"4":[0,0],"5":[0,0],"6":[0],"7":[0],"8":[0],"9":[0],"10":[0,0],"11":[0,0,0,0],"12":[0,0],"13":[0,0],"14":[0,0],"15":[0],"16":[0],"17":[0],"18":[0,0],"19":[0,0],"20":[0,0],"21":[0,0,0,0],"22":[0,0,0],"23":[0,0],"24":[0],"25":[0,0,0],"26":[0],"27":[0],"28":[0,0],"29":[0,0],"30":[0,0],"31":[0,0],"32":[0],"33":[0],"34":[0],"35":[0],"36":[0,0],"37":[0,0,0],"38":[0],"39":[0,0],"40":[0],"41":[0,0],"42":[0,0],"43":[0,0,0],"44":[0,0],"45":[0,0],"46":[0],"47":[0,0,0],"48":[0,0]}}
,"/Users/saralas/Desktop/SoftwareTools/LiveWeatherToronto/components/ui/checkbox.tsx": {"path":"/Users/saralas/Desktop/SoftwareTools/LiveWeatherToronto/components/ui/checkbox.tsx","statementMap":{"0":{"start":{"line":30,"column":9},"end":{"line":30,"column":null}},"1":{"start":{"line":3,"column":23},"end":{"line":3,"column":null}},"2":{"start":{"line":4,"column":35},"end":{"line":4,"column":null}},"3":{"start":{"line":5,"column":22},"end":{"line":5,"column":null}},"4":{"start":{"line":7,"column":19},"end":{"line":7,"column":null}},"5":{"start":{"line":28,"column":0},"end":{"line":28,"column":null}}},"fnMap":{},"branchMap":{},"s":{"0":0,"1":0,"2":0,"3":0,"4":0,"5":0},"f":{},"b":{}}
,"/Users/saralas/Desktop/SoftwareTools/LiveWeatherToronto/components/ui/collapsible.tsx": {"path":"/Users/saralas/Desktop/SoftwareTools/LiveWeatherToronto/components/ui/collapsible.tsx","statementMap":{"0":{"start":{"line":11,"column":9},"end":{"line":11,"column":20}},"1":{"start":{"line":11,"column":42},"end":{"line":11,"column":60}},"2":{"start":{"line":11,"column":22},"end":{"line":11,"column":40}},"3":{"start":{"line":3,"column":38},"end":{"line":3,"column":null}},"4":{"start":{"line":5,"column":20},"end":{"line":5,"column":45}},"5":{"start":{"line":7,"column":27},"end":{"line":7,"column":66}},"6":{"start":{"line":9,"column":27},"end":{"line":9,"column":66}}},"fnMap":{},"branchMap":{},"s":{"0":0,"1":0,"2":0,"3":0,"4":0,"5":0,"6":0},"f":{},"b":{}}
,"/Users/saralas/Desktop/SoftwareTools/LiveWeatherToronto/components/ui/command.tsx": {"path":"/Users/saralas/Desktop/SoftwareTools/LiveWeatherToronto/components/ui/command.tsx","statementMap":{"0":{"start":{"line":144,"column":2},"end":{"line":144,"column":9}},"1":{"start":{"line":145,"column":2},"end":{"line":145,"column":15}},"2":{"start":{"line":148,"column":2},"end":{"line":148,"column":14}},"3":{"start":{"line":149,"column":2},"end":{"line":149,"column":14}},"4":{"start":{"line":146,"column":2},"end":{"line":146,"column":14}},"5":{"start":{"line":150,"column":2},"end":{"line":150,"column":13}},"6":{"start":{"line":147,"column":2},"end":{"line":147,"column":13}},"7":{"start":{"line":152,"column":2},"end":{"line":152,"column":18}},"8":{"start":{"line":151,"column":2},"end":{"line":151,"column":17}},"9":{"start":{"line":3,"column":23},"end":{"line":3,"column":null}},"10":{"start":{"line":5,"column":44},"end":{"line":5,"column":null}},"11":{"start":{"line":6,"column":23},"end":{"line":6,"column":null}},"12":{"start":{"line":8,"column":19},"end":{"line":8,"column":null}},"13":{"start":{"line":9,"column":38},"end":{"line":9,"column":null}},"14":{"start":{"line":24,"column":0},"end":{"line":24,"column":null}},"15":{"start":{"line":26,"column":22},"end":{"line":36,"column":null}},"16":{"start":{"line":55,"column":0},"end":{"line":55,"column":null}},"17":{"start":{"line":68,"column":0},"end":{"line":68,"column":null}},"18":{"start":{"line":81,"column":0},"end":{"line":81,"column":null}},"19":{"start":{"line":97,"column":0},"end":{"line":97,"column":null}},"20":{"start":{"line":109,"column":0},"end":{"line":109,"column":null}},"21":{"start":{"line":125,"column":0},"end":{"line":125,"column":null}},"22":{"start":{"line":127,"column":24},"end":{"line":140,"column":null}},"23":{"start":{"line":141,"column":0},"end":{"line":141,"column":null}}},"fnMap":{"0":{"name":"(anonymous_14)","decl":{"start":{"line":26,"column":22},"end":{"line":26,"column":23}},"loc":{"start":{"line":26,"column":58},"end":{"line":36,"column":null}}},"1":{"name":"(anonymous_21)","decl":{"start":{"line":127,"column":24},"end":{"line":127,"column":25}},"loc":{"start":{"line":130,"column":40},"end":{"line":140,"column":null}}}},"branchMap":{},"s":{"0":0,"1":0,"2":0,"3":0,"4":0,"5":0,"6":0,"7":0,"8":0,"9":0,"10":0,"11":0,"12":0,"13":0,"14":0,"15":0,"16":0,"17":0,"18":0,"19":0,"20":0,"21":0,"22":0,"23":0},"f":{"0":0,"1":0},"b":{}}
,"/Users/saralas/Desktop/SoftwareTools/LiveWeatherToronto/components/ui/context-menu.tsx": {"path":"/Users/saralas/Desktop/SoftwareTools/LiveWeatherToronto/components/ui/context-menu.tsx","statementMap":{"0":{"start":{"line":185,"column":2},"end":{"line":185,"column":13}},"1":{"start":{"line":189,"column":2},"end":{"line":189,"column":25}},"2":{"start":{"line":187,"column":2},"end":{"line":187,"column":20}},"3":{"start":{"line":194,"column":2},"end":{"line":194,"column":18}},"4":{"start":{"line":188,"column":2},"end":{"line":188,"column":17}},"5":{"start":{"line":191,"column":2},"end":{"line":191,"column":18}},"6":{"start":{"line":195,"column":2},"end":{"line":195,"column":19}},"7":{"start":{"line":199,"column":2},"end":{"line":199,"column":23}},"8":{"start":{"line":190,"column":2},"end":{"line":190,"column":22}},"9":{"start":{"line":192,"column":2},"end":{"line":192,"column":22}},"10":{"start":{"line":193,"column":2},"end":{"line":193,"column":21}},"11":{"start":{"line":196,"column":2},"end":{"line":196,"column":16}},"12":{"start":{"line":197,"column":2},"end":{"line":197,"column":23}},"13":{"start":{"line":198,"column":2},"end":{"line":198,"column":23}},"14":{"start":{"line":186,"column":2},"end":{"line":186,"column":20}},"15":{"start":{"line":3,"column":23},"end":{"line":3,"column":null}},"16":{"start":{"line":4,"column":38},"end":{"line":4,"column":null}},"17":{"start":{"line":5,"column":44},"end":{"line":5,"column":null}},"18":{"start":{"line":7,"column":19},"end":{"line":7,"column":null}},"19":{"start":{"line":9,"column":20},"end":{"line":9,"column":45}},"20":{"start":{"line":11,"column":27},"end":{"line":11,"column":55}},"21":{"start":{"line":13,"column":25},"end":{"line":13,"column":51}},"22":{"start":{"line":15,"column":26},"end":{"line":15,"column":53}},"23":{"start":{"line":17,"column":23},"end":{"line":17,"column":47}},"24":{"start":{"line":19,"column":30},"end":{"line":19,"column":61}},"25":{"start":{"line":40,"column":0},"end":{"line":40,"column":null}},"26":{"start":{"line":55,"column":0},"end":{"line":55,"column":null}},"27":{"start":{"line":72,"column":0},"end":{"line":72,"column":null}},"28":{"start":{"line":90,"column":0},"end":{"line":90,"column":null}},"29":{"start":{"line":113,"column":0},"end":{"line":114,"column":null}},"30":{"start":{"line":136,"column":0},"end":{"line":136,"column":null}},"31":{"start":{"line":154,"column":0},"end":{"line":154,"column":null}},"32":{"start":{"line":166,"column":0},"end":{"line":166,"column":null}},"33":{"start":{"line":168,"column":28},"end":{"line":181,"column":null}},"34":{"start":{"line":182,"column":0},"end":{"line":182,"column":null}}},"fnMap":{"0":{"name":"(anonymous_27)","decl":{"start":{"line":168,"column":28},"end":{"line":168,"column":29}},"loc":{"start":{"line":171,"column":40},"end":{"line":181,"column":null}}}},"branchMap":{"0":{"loc":{"start":{"line":31,"column":6},"end":{"line":31,"column":null}},"type":"binary-expr","locations":[{"start":{"line":31,"column":6},"end":{"line":31,"column":15}},{"start":{"line":31,"column":15},"end":{"line":31,"column":null}}]},"1":{"loc":{"start":{"line":84,"column":6},"end":{"line":84,"column":null}},"type":"binary-expr","locations":[{"start":{"line":84,"column":6},"end":{"line":84,"column":15}},{"start":{"line":84,"column":15},"end":{"line":84,"column":null}}]},"2":{"loc":{"start":{"line":148,"column":6},"end":{"line":148,"column":null}},"type":"binary-expr","locations":[{"start":{"line":148,"column":6},"end":{"line":148,"column":15}},{"start":{"line":148,"column":15},"end":{"line":148,"column":null}}]}},"s":{"0":0,"1":0,"2":0,"3":0,"4":0,"5":0,"6":0,"7":0,"8":0,"9":0,"10":0,"11":0,"12":0,"13":0,"14":0,"15":0,"16":0,"17":0,"18":0,"19":0,"20":0,"21":0,"22":0,"23":0,"24":0,"25":0,"26":0,"27":0,"28":0,"29":0,"30":0,"31":0,"32":0,"33":0,"34":0},"f":{"0":0},"b":{"0":[0,0],"1":[0,0],"2":[0,0]}}
[...]
,"/Users/saralas/Desktop/SoftwareTools/LiveWeatherToronto/components/ui/textarea.tsx": {"path":"/Users/saralas/Desktop/SoftwareTools/LiveWeatherToronto/components/ui/textarea.tsx","statementMap":{"0":{"start":{"line":22,"column":9},"end":{"line":22,"column":null}},"1":{"start":{"line":1,"column":23},"end":{"line":1,"column":null}},"2":{"start":{"line":3,"column":19},"end":{"line":3,"column":null}},"3":{"start":{"line":5,"column":17},"end":{"line":19,"column":null}},"4":{"start":{"line":20,"column":0},"end":{"line":20,"column":null}}},"fnMap":{"0":{"name":"(anonymous_4)","decl":{"start":{"line":8,"column":2},"end":{"line":8,"column":3}},"loc":{"start":{"line":8,"column":28},"end":{"line":19,"column":null}}}},"branchMap":{},"s":{"0":0,"1":0,"2":0,"3":0,"4":0},"f":{"0":0},"b":{}}
,"/Users/saralas/Desktop/SoftwareTools/LiveWeatherToronto/components/ui/toast.tsx": {"path":"/Users/saralas/Desktop/SoftwareTools/LiveWeatherToronto/components/ui/toast.tsx","statementMap":{"0":{"start":{"line":124,"column":2},"end":{"line":124,"column":7}},"1":{"start":{"line":128,"column":2},"end":{"line":128,"column":13}},"2":{"start":{"line":127,"column":2},"end":{"line":127,"column":12}},"3":{"start":{"line":126,"column":2},"end":{"line":126,"column":18}},"4":{"start":{"line":122,"column":2},"end":{"line":122,"column":15}},"5":{"start":{"line":125,"column":2},"end":{"line":125,"column":12}},"6":{"start":{"line":123,"column":2},"end":{"line":123,"column":15}},"7":{"start":{"line":3,"column":23},"end":{"line":3,"column":null}},"8":{"start":{"line":4,"column":33},"end":{"line":4,"column":null}},"9":{"start":{"line":5,"column":39},"end":{"line":5,"column":null}},"10":{"start":{"line":6,"column":18},"end":{"line":6,"column":null}},"11":{"start":{"line":8,"column":19},"end":{"line":8,"column":null}},"12":{"start":{"line":10,"column":22},"end":{"line":10,"column":46}},"13":{"start":{"line":25,"column":0},"end":{"line":25,"column":null}},"14":{"start":{"line":27,"column":22},"end":{"line":40,"column":null}},"15":{"start":{"line":43,"column":14},"end":{"line":55,"column":null}},"16":{"start":{"line":56,"column":0},"end":{"line":56,"column":null}},"17":{"start":{"line":71,"column":0},"end":{"line":71,"column":null}},"18":{"start":{"line":89,"column":0},"end":{"line":89,"column":null}},"19":{"start":{"line":101,"column":0},"end":{"line":101,"column":null}},"20":{"start":{"line":113,"column":0},"end":{"line":113,"column":null}}},"fnMap":{"0":{"name":"(anonymous_12)","decl":{"start":{"line":47,"column":2},"end":{"line":47,"column":3}},"loc":{"start":{"line":47,"column":37},"end":{"line":55,"column":null}}}},"branchMap":{},"s":{"0":0,"1":0,"2":0,"3":0,"4":0,"5":0,"6":0,"7":0,"8":0,"9":0,"10":0,"11":0,"12":0,"13":0,"14":0,"15":0,"16":0,"17":0,"18":0,"19":0,"20":0},"f":{"0":0},"b":{}}
,"/Users/saralas/Desktop/SoftwareTools/LiveWeatherToronto/components/ui/toaster.tsx": {"path":"/Users/saralas/Desktop/SoftwareTools/LiveWeatherToronto/components/ui/toaster.tsx","statementMap":{"0":{"start":{"line":13,"column":16},"end":{"line":13,"column":null}},"1":{"start":{"line":3,"column":25},"end":{"line":3,"column":null}},"2":{"start":{"line":11,"column":7},"end":{"line":11,"column":null}},"3":{"start":{"line":14,"column":21},"end":{"line":14,"column":null}},"4":{"start":{"line":19,"column":8},"end":{"line":20,"column":27}}},"fnMap":{"0":{"name":"Toaster","decl":{"start":{"line":13,"column":16},"end":{"line":13,"column":null}},"loc":{"start":{"line":13,"column":16},"end":{"line":35,"column":null}}},"1":{"name":"(anonymous_2)","decl":{"start":{"line":18,"column":18},"end":{"line":18,"column":28}},"loc":{"start":{"line":18,"column":72},"end":{"line":31,"column":null}}}},"branchMap":{"0":{"loc":{"start":{"line":22,"column":15},"end":{"line":22,"column":24}},"type":"binary-expr","locations":[{"start":{"line":22,"column":15},"end":{"line":22,"column":24}}]},"1":{"loc":{"start":{"line":23,"column":15},"end":{"line":23,"column":null}},"type":"binary-expr","locations":[{"start":{"line":23,"column":15},"end":{"line":23,"column":null}}]}},"s":{"0":0,"1":0,"2":0,"3":0,"4":0},"f":{"0":0,"1":0},"b":{"0":[0],"1":[0]}}
,"/Users/saralas/Desktop/SoftwareTools/LiveWeatherToronto/components/ui/toggle-group.tsx": {"path":"/Users/saralas/Desktop/SoftwareTools/LiveWeatherToronto/components/ui/toggle-group.tsx","statementMap":{"0":{"start":{"line":61,"column":9},"end":{"line":61,"column":20}},"1":{"start":{"line":61,"column":22},"end":{"line":61,"column":37}},"2":{"start":{"line":3,"column":23},"end":{"line":3,"column":null}},"3":{"start":{"line":4,"column":38},"end":{"line":4,"column":null}},"4":{"start":{"line":7,"column":19},"end":{"line":7,"column":null}},"5":{"start":{"line":8,"column":31},"end":{"line":8,"column":null}},"6":{"start":{"line":10,"column":27},"end":{"line":15,"column":null}},"7":{"start":{"line":33,"column":0},"end":{"line":33,"column":null}},"8":{"start":{"line":35,"column":24},"end":{"line":57,"column":null}},"9":{"start":{"line":40,"column":18},"end":{"line":40,"column":null}},"10":{"start":{"line":59,"column":0},"end":{"line":59,"column":null}}},"fnMap":{"0":{"name":"(anonymous_7)","decl":{"start":{"line":39,"column":2},"end":{"line":39,"column":3}},"loc":{"start":{"line":39,"column":53},"end":{"line":57,"column":null}}}},"branchMap":{"0":{"loc":{"start":{"line":47,"column":19},"end":{"line":47,"column":null}},"type":"binary-expr","locations":[{"start":{"line":47,"column":19},"end":{"line":47,"column":34}},{"start":{"line":47,"column":38},"end":{"line":47,"column":null}}]},"1":{"loc":{"start":{"line":48,"column":16},"end":{"line":48,"column":null}},"type":"binary-expr","locations":[{"start":{"line":48,"column":16},"end":{"line":48,"column":28}},{"start":{"line":48,"column":32},"end":{"line":48,"column":null}}]}},"s":{"0":0,"1":0,"2":0,"3":0,"4":0,"5":0,"6":0,"7":0,"8":0,"9":0,"10":0},"f":{"0":0},"b":{"0":[0,0],"1":[0,0]}}
,"/Users/saralas/Desktop/SoftwareTools/LiveWeatherToronto/components/ui/toggle.tsx": {"path":"/Users/saralas/Desktop/SoftwareTools/LiveWeatherToronto/components/ui/toggle.tsx","statementMap":{"0":{"start":{"line":45,"column":9},"end":{"line":45,"column":15}},"1":{"start":{"line":45,"column":17},"end":{"line":45,"column":31}},"2":{"start":{"line":3,"column":23},"end":{"line":3,"column":null}},"3":{"start":{"line":4,"column":33},"end":{"line":4,"column":null}},"4":{"start":{"line":5,"column":39},"end":{"line":5,"column":null}},"5":{"start":{"line":7,"column":19},"end":{"line":7,"column":null}},"6":{"start":{"line":9,"column":23},"end":{"line":28,"column":null}},"7":{"start":{"line":43,"column":0},"end":{"line":43,"column":null}}},"fnMap":{},"branchMap":{},"s":{"0":0,"1":0,"2":0,"3":0,"4":0,"5":0,"6":0,"7":0},"f":{},"b":{}}
,"/Users/saralas/Desktop/SoftwareTools/LiveWeatherToronto/components/ui/tooltip.tsx": {"path":"/Users/saralas/Desktop/SoftwareTools/LiveWeatherToronto/components/ui/tooltip.tsx","statementMap":{"0":{"start":{"line":30,"column":9},"end":{"line":30,"column":16}},"1":{"start":{"line":30,"column":34},"end":{"line":30,"column":48}},"2":{"start":{"line":30,"column":50},"end":{"line":30,"column":65}},"3":{"start":{"line":30,"column":18},"end":{"line":30,"column":32}},"4":{"start":{"line":3,"column":23},"end":{"line":3,"column":null}},"5":{"start":{"line":4,"column":34},"end":{"line":4,"column":null}},"6":{"start":{"line":6,"column":19},"end":{"line":6,"column":null}},"7":{"start":{"line":8,"column":24},"end":{"line":8,"column":49}},"8":{"start":{"line":10,"column":16},"end":{"line":10,"column":37}},"9":{"start":{"line":12,"column":23},"end":{"line":12,"column":47}},"10":{"start":{"line":28,"column":0},"end":{"line":28,"column":null}}},"fnMap":{},"branchMap":{"0":{"loc":{"start":{"line":17,"column":16},"end":{"line":17,"column":30}},"type":"default-arg","locations":[{"start":{"line":17,"column":29},"end":{"line":17,"column":30}}]}},"s":{"0":0,"1":0,"2":0,"3":0,"4":0,"5":0,"6":0,"7":0,"8":0,"9":0,"10":0},"f":{},"b":{"0":[0]}}
,"/Users/saralas/Desktop/SoftwareTools/LiveWeatherToronto/components/ui/use-mobile.tsx": {"path":"/Users/saralas/Desktop/SoftwareTools/LiveWeatherToronto/components/ui/use-mobile.tsx","statementMap":{"0":{"start":{"line":5,"column":16},"end":{"line":5,"column":null}},"1":{"start":{"line":1,"column":23},"end":{"line":1,"column":null}},"2":{"start":{"line":3,"column":26},"end":{"line":3,"column":null}},"3":{"start":{"line":6,"column":34},"end":{"line":6,"column":null}},"4":{"start":{"line":8,"column":2},"end":{"line":16,"column":null}},"5":{"start":{"line":9,"column":16},"end":{"line":9,"column":null}},"6":{"start":{"line":10,"column":21},"end":{"line":12,"column":null}},"7":{"start":{"line":11,"column":6},"end":{"line":11,"column":null}},"8":{"start":{"line":13,"column":4},"end":{"line":13,"column":null}},"9":{"start":{"line":14,"column":4},"end":{"line":14,"column":null}},"10":{"start":{"line":15,"column":4},"end":{"line":15,"column":null}},"11":{"start":{"line":15,"column":17},"end":{"line":15,"column":null}},"12":{"start":{"line":18,"column":2},"end":{"line":18,"column":null}}},"fnMap":{"0":{"name":"useIsMobile","decl":{"start":{"line":5,"column":16},"end":{"line":5,"column":null}},"loc":{"start":{"line":5,"column":16},"end":{"line":19,"column":null}}},"1":{"name":"(anonymous_5)","decl":{"start":{"line":8,"column":18},"end":{"line":8,"column":null}},"loc":{"start":{"line":8,"column":18},"end":{"line":16,"column":5}}},"2":{"name":"(anonymous_6)","decl":{"start":{"line":10,"column":21},"end":{"line":10,"column":null}},"loc":{"start":{"line":10,"column":21},"end":{"line":12,"column":null}}},"3":{"name":"(anonymous_7)","decl":{"start":{"line":15,"column":11},"end":{"line":15,"column":17}},"loc":{"start":{"line":15,"column":17},"end":{"line":15,"column":null}}}},"branchMap":{},"s":{"0":0,"1":0,"2":0,"3":0,"4":0,"5":0,"6":0,"7":0,"8":0,"9":0,"10":0,"11":0,"12":0},"f":{"0":0,"1":0,"2":0,"3":0},"b":{}}
,"/Users/saralas/Desktop/SoftwareTools/LiveWeatherToronto/components/ui/use-toast.ts": {"path":"/Users/saralas/Desktop/SoftwareTools/LiveWeatherToronto/components/ui/use-toast.ts","statementMap":{"0":{"start":{"line":77,"column":13},"end":{"line":77,"column":20}},"1":{"start":{"line":194,"column":19},"end":{"line":194,"column":24}},"2":{"start":{"line":194,"column":9},"end":{"line":194,"column":17}},"3":{"start":{"line":4,"column":23},"end":{"line":4,"column":null}},"4":{"start":{"line":11,"column":20},"end":{"line":11,"column":null}},"5":{"start":{"line":12,"column":27},"end":{"line":12,"column":null}},"6":{"start":{"line":21,"column":20},"end":{"line":26,"column":null}},"7":{"start":{"line":28,"column":12},"end":{"line":28,"column":null}},"8":{"start":{"line":31,"column":2},"end":{"line":31,"column":null}},"9":{"start":{"line":32,"column":2},"end":{"line":32,"column":null}},"10":{"start":{"line":59,"column":22},"end":{"line":59,"column":null}},"11":{"start":{"line":61,"column":25},"end":{"line":75,"column":null}},"12":{"start":{"line":62,"column":2},"end":{"line":64,"column":null}},"13":{"start":{"line":63,"column":4},"end":{"line":63,"column":null}},"14":{"start":{"line":66,"column":18},"end":{"line":72,"column":null}},"15":{"start":{"line":67,"column":4},"end":{"line":67,"column":null}},"16":{"start":{"line":68,"column":4},"end":{"line":71,"column":null}},"17":{"start":{"line":74,"column":2},"end":{"line":74,"column":null}},"18":{"start":{"line":77,"column":23},"end":{"line":130,"column":null}},"19":{"start":{"line":78,"column":2},"end":{"line":129,"column":null}},"20":{"start":{"line":80,"column":6},"end":{"line":83,"column":null}},"21":{"start":{"line":86,"column":6},"end":{"line":91,"column":null}},"22":{"start":{"line":89,"column":10},"end":{"line":89,"column":null}},"23":{"start":{"line":94,"column":26},"end":{"line":94,"column":null}},"24":{"start":{"line":98,"column":6},"end":{"line":104,"column":null}},"25":{"start":{"line":99,"column":8},"end":{"line":99,"column":null}},"26":{"start":{"line":101,"column":8},"end":{"line":103,"column":null}},"27":{"start":{"line":102,"column":10},"end":{"line":102,"column":null}},"28":{"start":{"line":106,"column":6},"end":{"line":116,"column":null}},"29":{"start":{"line":109,"column":10},"end":{"line":114,"column":null}},"30":{"start":{"line":119,"column":6},"end":{"line":124,"column":null}},"31":{"start":{"line":120,"column":8},"end":{"line":123,"column":null}},"32":{"start":{"line":125,"column":6},"end":{"line":128,"column":null}},"33":{"start":{"line":127,"column":43},"end":{"line":127,"column":66}},"34":{"start":{"line":132,"column":49},"end":{"line":132,"column":51}},"35":{"start":{"line":134,"column":25},"end":{"line":134,"column":null}},"36":{"start":{"line":137,"column":2},"end":{"line":137,"column":null}},"37":{"start":{"line":138,"column":2},"end":{"line":140,"column":null}},"38":{"start":{"line":139,"column":4},"end":{"line":139,"column":null}},"39":{"start":{"line":146,"column":13},"end":{"line":146,"column":null}},"40":{"start":{"line":148,"column":17},"end":{"line":152,"column":null}},"41":{"start":{"line":149,"column":4},"end":{"line":152,"column":null}},"42":{"start":{"line":153,"column":18},"end":{"line":153,"column":null}},"43":{"start":{"line":153,"column":24},"end":{"line":153,"column":null}},"44":{"start":{"line":155,"column":2},"end":{"line":165,"column":null}},"45":{"start":{"line":162,"column":8},"end":{"line":162,"column":null}},"46":{"start":{"line":162,"column":19},"end":{"line":162,"column":null}},"47":{"start":{"line":167,"column":2},"end":{"line":171,"column":null}},"48":{"start":{"line":175,"column":28},"end":{"line":175,"column":null}},"49":{"start":{"line":177,"column":2},"end":{"line":185,"column":null}},"50":{"start":{"line":178,"column":4},"end":{"line":178,"column":null}},"51":{"start":{"line":179,"column":4},"end":{"line":184,"column":null}},"52":{"start":{"line":180,"column":20},"end":{"line":180,"column":null}},"53":{"start":{"line":181,"column":6},"end":{"line":183,"column":null}},"54":{"start":{"line":182,"column":8},"end":{"line":182,"column":null}},"55":{"start":{"line":187,"column":2},"end":{"line":191,"column":null}},"56":{"start":{"line":190,"column":35},"end":{"line":190,"column":null}}},"fnMap":{"0":{"name":"genId","decl":{"start":{"line":30,"column":9},"end":{"line":30,"column":null}},"loc":{"start":{"line":30,"column":9},"end":{"line":33,"column":null}}},"1":{"name":"(anonymous_8)","decl":{"start":{"line":61,"column":25},"end":{"line":61,"column":26}},"loc":{"start":{"line":61,"column":26},"end":{"line":75,"column":null}}},"2":{"name":"(anonymous_9)","decl":{"start":{"line":66,"column":29},"end":{"line":66,"column":null}},"loc":{"start":{"line":66,"column":29},"end":{"line":72,"column":5}}},"3":{"name":"(anonymous_10)","decl":{"start":{"line":77,"column":23},"end":{"line":77,"column":24}},"loc":{"start":{"line":77,"column":38},"end":{"line":130,"column":null}}},"4":{"name":"(anonymous_11)","decl":{"start":{"line":88,"column":33},"end":{"line":88,"column":34}},"loc":{"start":{"line":89,"column":10},"end":{"line":89,"column":null}}},"5":{"name":"(anonymous_12)","decl":{"start":{"line":101,"column":29},"end":{"line":101,"column":30}},"loc":{"start":{"line":101,"column":30},"end":{"line":103,"column":null}}},"6":{"name":"(anonymous_13)","decl":{"start":{"line":108,"column":33},"end":{"line":108,"column":34}},"loc":{"start":{"line":109,"column":10},"end":{"line":114,"column":null}}},"7":{"name":"(anonymous_14)","decl":{"start":{"line":127,"column":36},"end":{"line":127,"column":37}},"loc":{"start":{"line":127,"column":43},"end":{"line":127,"column":66}}},"8":{"name":"dispatch","decl":{"start":{"line":136,"column":9},"end":{"line":136,"column":18}},"loc":{"start":{"line":136,"column":32},"end":{"line":141,"column":null}}},"9":{"name":"(anonymous_16)","decl":{"start":{"line":138,"column":20},"end":{"line":138,"column":21}},"loc":{"start":{"line":138,"column":21},"end":{"line":140,"column":null}}},"10":{"name":"toast","decl":{"start":{"line":145,"column":9},"end":{"line":145,"column":15}},"loc":{"start":{"line":145,"column":34},"end":{"line":172,"column":null}}},"11":{"name":"(anonymous_18)","decl":{"start":{"line":148,"column":17},"end":{"line":148,"column":18}},"loc":{"start":{"line":149,"column":4},"end":{"line":152,"column":null}}},"12":{"name":"(anonymous_19)","decl":{"start":{"line":153,"column":18},"end":{"line":153,"column":24}},"loc":{"start":{"line":153,"column":24},"end":{"line":153,"column":null}}},"13":{"name":"(anonymous_20)","decl":{"start":{"line":161,"column":20},"end":{"line":161,"column":21}},"loc":{"start":{"line":161,"column":21},"end":{"line":163,"column":null}}},"14":{"name":"useToast","decl":{"start":{"line":174,"column":9},"end":{"line":174,"column":null}},"loc":{"start":{"line":174,"column":9},"end":{"line":192,"column":null}}},"15":{"name":"(anonymous_22)","decl":{"start":{"line":177,"column":18},"end":{"line":177,"column":null}},"loc":{"start":{"line":177,"column":18},"end":{"line":185,"column":5}}},"16":{"name":"(anonymous_23)","decl":{"start":{"line":179,"column":11},"end":{"line":179,"column":null}},"loc":{"start":{"line":179,"column":11},"end":{"line":184,"column":null}}},"17":{"name":"(anonymous_24)","decl":{"start":{"line":190,"column":13},"end":{"line":190,"column":14}},"loc":{"start":{"line":190,"column":35},"end":{"line":190,"column":null}}}},"branchMap":{"0":{"loc":{"start":{"line":62,"column":2},"end":{"line":64,"column":null}},"type":"if","locations":[{"start":{"line":62,"column":2},"end":{"line":64,"column":null}}]},"1":{"loc":{"start":{"line":78,"column":2},"end":{"line":129,"column":null}},"type":"switch","locations":[{"start":{"line":79,"column":4},"end":{"line":83,"column":null}},{"start":{"line":85,"column":4},"end":{"line":91,"column":null}},{"start":{"line":93,"column":4},"end":{"line":117,"column":null}},{"start":{"line":118,"column":4},"end":{"line":128,"column":null}}]},"2":{"loc":{"start":{"line":89,"column":10},"end":{"line":89,"column":null}},"type":"cond-expr","locations":[{"start":{"line":89,"column":37},"end":{"line":89,"column":65}},{"start":{"line":89,"column":65},"end":{"line":89,"column":null}}]},"3":{"loc":{"start":{"line":98,"column":6},"end":{"line":104,"column":null}},"type":"if","locations":[{"start":{"line":98,"column":6},"end":{"line":104,"column":null}},{"start":{"line":100,"column":13},"end":{"line":104,"column":null}}]},"4":{"loc":{"start":{"line":109,"column":10},"end":{"line":114,"column":null}},"type":"cond-expr","locations":[{"start":{"line":110,"column":14},"end":{"line":113,"column":null}},{"start":{"line":114,"column":14},"end":{"line":114,"column":null}}]},"5":{"loc":{"start":{"line":109,"column":10},"end":{"line":109,"column":null}},"type":"binary-expr","locations":[{"start":{"line":109,"column":10},"end":{"line":109,"column":30}},{"start":{"line":109,"column":30},"end":{"line":109,"column":null}}]},"6":{"loc":{"start":{"line":119,"column":6},"end":{"line":124,"column":null}},"type":"if","locations":[{"start":{"line":119,"column":6},"end":{"line":124,"column":null}}]},"7":{"loc":{"start":{"line":162,"column":8},"end":{"line":162,"column":null}},"type":"if","locations":[{"start":{"line":162,"column":8},"end":{"line":162,"column":null}}]},"8":{"loc":{"start":{"line":181,"column":6},"end":{"line":183,"column":null}},"type":"if","locations":[{"start":{"line":181,"column":6},"end":{"line":183,"column":null}}]}},"s":{"0":0,"1":0,"2":0,"3":0,"4":0,"5":0,"6":0,"7":0,"8":0,"9":0,"10":0,"11":0,"12":0,"13":0,"14":0,"15":0,"16":0,"17":0,"18":0,"19":0,"20":0,"21":0,"22":0,"23":0,"24":0,"25":0,"26":0,"27":0,"28":0,"29":0,"30":0,"31":0,"32":0,"33":0,"34":0,"35":0,"36":0,"37":0,"38":0,"39":0,"40":0,"41":0,"42":0,"43":0,"44":0,"45":0,"46":0,"47":0,"48":0,"49":0,"50":0,"51":0,"52":0,"53":0,"54":0,"55":0,"56":0},"f":{"0":0,"1":0,"2":0,"3":0,"4":0,"5":0,"6":0,"7":0,"8":0,"9":0,"10":0,"11":0,"12":0,"13":0,"14":0,"15":0,"16":0,"17":0},"b":{"0":[0],"1":[0,0,0,0],"2":[0,0],"3":[0,0],"4":[0,0],"5":[0,0],"6":[0],"7":[0],"8":[0]}}
}
